14:55:38 - ERR - post - (ValidationError({'u_login': ["El 'u_login' es obligatorio."]}),)
17:44:27 - ERR - post - (KeyError('post_user'),)
17:45:17 - ERR - ExecuteNonQuery - (ForeignKeyViolation('inserción o actualización en la tabla «tb_posts» viola la llave foránea «tb_posts_u_login_fkey»\nDETAIL:  La llave (u_login)=(johndoe) no está presente en la tabla «tb_user».\n'),)
18:59:53 - ERR - put - (ValidationError({'post_id': ["El campo 'post_id' es obligatorio."], 'post_image_url': ['Unknown field.'], 'u_login': ['Unknown field.']}),)
19:01:28 - ERR - put - (ValidationError({'post_id': ["El campo 'post_id' es obligatorio."], 'post_image_url': ['Unknown field.'], 'u_login': ['Unknown field.']}),)
19:01:29 - ERR - put - (ValidationError({'post_id': ["El campo 'post_id' es obligatorio."], 'post_image_url': ['Unknown field.'], 'u_login': ['Unknown field.']}),)
19:04:18 - ERR - put - (ValidationError({'post_id': ["El campo 'post_id' es obligatorio."]}),)
19:05:43 - ERR - ExecuteNonQuery - (SyntaxError("error de sintaxis en o cerca de «,»\nLINE 3:                 SET post_content, post_image_url = 'Este es ...\n                                        ^\n"),)
19:09:13 - ERR - ExecuteNonQuery - (ValueError("unsupported format character ',' (0x2c) at index 76"),)
19:10:45 - ERR - ExecuteNonQuery - (ValueError("unsupported format character ',' (0x2c) at index 76"),)
19:11:50 - ERR - ExecuteNonQuery - (InvalidTextRepresentation("la sintaxis de entrada no es válida para tipo integer: «http://example.com/imagen_actualizada.jpg»\nLINE 4:                 WHERE post_id = 'http://example.com/imagen_a...\n                                        ^\n"),)
19:53:20 - ERR - getRecords - (UndefinedTable("no existe la relación «public.tb_users»\nLINE 1: SELECT user_id FROM public.tb_users WHERE u_login = 'gly0'\n                            ^\n"),)
19:53:20 - ERR - get - (KeyError(0),)
19:56:21 - ERR - getRecords - (UndefinedColumn("no existe la columna «user_id»\nLINE 1: SELECT user_id FROM public.tb_user WHERE u_login = 'gly0'\n               ^\nHINT:  Probablemente quiera hacer referencia a la columna «tb_user.u_id».\n"),)
19:56:21 - ERR - get - (KeyError(0),)
19:58:14 - ERR - getRecords - (UndefinedColumn("no existe la columna «user_id»\nLINE 1: SELECT user_id FROM public.tb_user WHERE u_login = 'gly0'\n               ^\nHINT:  Probablemente quiera hacer referencia a la columna «tb_user.u_id».\n"),)
19:58:14 - ERR - get - (KeyError(0),)
19:59:29 - ERR - get - (KeyError(0),)
20:07:44 - ERR - get - (KeyError(0),)
20:09:40 - ERR - get - (KeyError(0),)
20:10:29 - ERR - get - (KeyError(0),)
20:12:56 - ERR - get - (KeyError(0),)
20:16:48 - ERR - get - (KeyError(0),)
20:18:33 - ERR - get - (KeyError(0),)
20:25:54 - ERR - get - (KeyError(0),)
20:26:40 - ERR - get - (KeyError(0),)
20:29:01 - ERR - get - ('KeyError: 0',)
20:30:55 - ERR - get - (KeyError(0),)
20:37:57 - ERR - get - (KeyError(0),)
20:39:04 - ERR - get - (KeyError(0),)
20:39:11 - ERR - get - (KeyError(0),)
20:40:14 - ERR - get - ('KeyError encontrado: 0',)
20:50:22 - ERR - get - (KeyError(0),)
21:03:17 - ERR - get - (KeyError(0),)
21:14:07 - ERR - get_post_id - (KeyError(0),)
21:22:59 - ERR - get_post_id - (KeyError(0),)
21:25:51 - ERR - get_post_id - (KeyError(0),)
21:26:08 - ERR - get_post_id - (KeyError(0),)
21:32:30 - ERR - get_post_id - (KeyError(0),)
21:38:12 - ERR - get - (KeyError(0),)
21:43:30 - ERR - get - (KeyError('user_id'),)
21:43:58 - ERR - get - (KeyError('user_id'),)
21:48:26 - ERR - get_post_by_id_and_user - (KeyError(0),)
21:48:26 - ERR - get - (TypeError('response_error() takes 1 positional argument but 2 were given'),)
21:49:01 - ERR - get_post_by_id_and_user - (KeyError(0),)
21:59:10 - ERR - get - (AttributeError("'NoneType' object has no attribute 'get'"),)
22:17:09 - ERR - ExecuteNonQuery - (UndefinedColumn('no existe la columna «likes»\nLINE 3:                 SET likes = likes + 1, updated_at = NOW()\n                                    ^\n'),)
22:17:53 - ERR - ExecuteNonQuery - (UndefinedColumn('no existe la columna «likes»\nLINE 3:                 SET likes = likes + 1, updated_at = NOW()\n                                    ^\n'),)
22:18:25 - ERR - ExecuteNonQuery - (UndefinedColumn('no existe la columna «likes»\nLINE 3:                 SET post_likes = likes + 1, updated_at = NOW...\n                                         ^\n'),)
22:18:42 - ERR - ExecuteNonQuery - (UndefinedColumn('no existe la columna «updated_at» en la relación «tb_posts»\nLINE 3:                 SET post_likes = post_likes + 1, updated_at ...\n                                                         ^\n'),)
