14:49:46 - INF - <module> - ('Servicio Iniciado',)
14:49:47 - INF - <module> - ('Servicio Iniciado',)
14:51:59 - INF - <module> - ('Servicio Finalizado',)
14:52:00 - INF - <module> - ('Servicio Iniciado',)
14:55:30 - INF - <module> - ('Servicio Finalizado',)
14:55:30 - INF - <module> - ('Servicio Iniciado',)
17:28:34 - INF - <module> - ('Servicio Iniciado',)
17:28:34 - INF - <module> - ('Servicio Iniciado',)
17:31:08 - INF - <module> - ('Servicio Finalizado',)
17:31:09 - INF - <module> - ('Servicio Iniciado',)
17:31:14 - INF - <module> - ('Servicio Finalizado',)
17:31:14 - INF - <module> - ('Servicio Iniciado',)
17:32:02 - INF - <module> - ('Servicio Finalizado',)
17:32:03 - INF - <module> - ('Servicio Iniciado',)
17:37:49 - INF - <module> - ('Servicio Finalizado',)
17:37:49 - INF - <module> - ('Servicio Iniciado',)
17:38:06 - INF - <module> - ('Servicio Finalizado',)
17:38:06 - INF - <module> - ('Servicio Iniciado',)
17:40:06 - INF - <module> - ('Servicio Finalizado',)
17:40:06 - INF - <module> - ('Servicio Iniciado',)
17:41:32 - INF - <module> - ('Servicio Finalizado',)
17:41:32 - INF - <module> - ('Servicio Finalizado',)
17:41:33 - INF - <module> - ('Servicio Iniciado',)
17:41:34 - INF - <module> - ('Servicio Iniciado',)
17:44:24 - INF - <module> - ('Servicio Finalizado',)
17:44:24 - INF - <module> - ('Servicio Iniciado',)
17:45:15 - INF - <module> - ('Servicio Finalizado',)
17:45:16 - INF - <module> - ('Servicio Iniciado',)
17:45:17 - INF - create_post - ('Error al ejecutar Register ->inserción o actualización en la tabla «tb_posts» viola la llave foránea «tb_posts_u_login_fkey»\nDETAIL:  La llave (u_login)=(johndoe) no está presente en la tabla «tb_user».\n',)
17:46:49 - INF - <module> - ('Servicio Finalizado',)
17:46:49 - INF - <module> - ('Servicio Iniciado',)
17:51:01 - INF - <module> - ('Servicio Finalizado',)
17:51:02 - INF - <module> - ('Servicio Iniciado',)
17:54:07 - INF - <module> - ('Servicio Finalizado',)
17:54:08 - INF - <module> - ('Servicio Iniciado',)
17:55:31 - INF - <module> - ('Servicio Finalizado',)
17:55:32 - INF - <module> - ('Servicio Iniciado',)
17:55:34 - INF - get - ('servicio de consulta Ejecutando',)
17:57:25 - INF - <module> - ('Servicio Finalizado',)
17:57:25 - INF - <module> - ('Servicio Finalizado',)
17:57:26 - INF - <module> - ('Servicio Iniciado',)
17:57:27 - INF - <module> - ('Servicio Iniciado',)
17:57:32 - INF - get - ('servicio de consulta Ejecutando',)
17:59:36 - INF - <module> - ('Servicio Finalizado',)
17:59:37 - INF - <module> - ('Servicio Iniciado',)
17:59:42 - INF - get - ('servicio de consulta Ejecutando',)
18:00:40 - INF - <module> - ('Servicio Finalizado',)
18:00:41 - INF - <module> - ('Servicio Iniciado',)
18:00:41 - INF - get - ('servicio de consulta Ejecutando',)
18:03:07 - INF - get - ('servicio de consulta Ejecutando',)
18:05:30 - INF - <module> - ('Servicio Finalizado',)
18:05:31 - INF - <module> - ('Servicio Iniciado',)
18:05:52 - INF - <module> - ('Servicio Finalizado',)
18:05:53 - INF - <module> - ('Servicio Iniciado',)
18:06:51 - INF - <module> - ('Servicio Finalizado',)
18:06:52 - INF - <module> - ('Servicio Finalizado',)
18:08:28 - INF - <module> - ('Servicio Iniciado',)
18:08:29 - INF - <module> - ('Servicio Iniciado',)
18:08:32 - INF - get - ('servicio de consulta Ejecutando',)
18:41:30 - INF - <module> - ('Servicio Finalizado',)
18:41:31 - INF - <module> - ('Servicio Iniciado',)
18:41:41 - INF - <module> - ('Servicio Finalizado',)
18:41:41 - INF - <module> - ('Servicio Iniciado',)
18:49:00 - INF - <module> - ('Servicio Finalizado',)
18:49:00 - INF - <module> - ('Servicio Iniciado',)
18:52:15 - INF - <module> - ('Servicio Finalizado',)
18:52:15 - INF - <module> - ('Servicio Iniciado',)
18:52:31 - INF - <module> - ('Servicio Finalizado',)
18:52:31 - INF - <module> - ('Servicio Finalizado',)
18:52:32 - INF - <module> - ('Servicio Iniciado',)
18:52:33 - INF - <module> - ('Servicio Iniciado',)
18:53:34 - INF - <module> - ('Servicio Finalizado',)
18:53:35 - INF - <module> - ('Servicio Iniciado',)
18:54:29 - INF - <module> - ('Servicio Finalizado',)
18:54:30 - INF - <module> - ('Servicio Iniciado',)
18:55:38 - INF - <module> - ('Servicio Finalizado',)
18:55:39 - INF - <module> - ('Servicio Iniciado',)
18:58:25 - INF - <module> - ('Servicio Finalizado',)
18:58:25 - INF - <module> - ('Servicio Iniciado',)
18:59:42 - INF - <module> - ('Servicio Finalizado',)
18:59:43 - INF - <module> - ('Servicio Iniciado',)
19:01:26 - INF - <module> - ('Servicio Finalizado',)
19:01:27 - INF - <module> - ('Servicio Iniciado',)
19:03:11 - INF - <module> - ('Servicio Finalizado',)
19:03:12 - INF - <module> - ('Servicio Iniciado',)
19:04:10 - INF - <module> - ('Servicio Finalizado',)
19:04:11 - INF - <module> - ('Servicio Iniciado',)
19:05:41 - INF - <module> - ('Servicio Finalizado',)
19:05:42 - INF - <module> - ('Servicio Iniciado',)
19:08:11 - INF - <module> - ('Servicio Finalizado',)
19:08:12 - INF - <module> - ('Servicio Iniciado',)
19:09:11 - INF - <module> - ('Servicio Finalizado',)
19:09:11 - INF - <module> - ('Servicio Iniciado',)
19:10:42 - INF - <module> - ('Servicio Finalizado',)
19:10:42 - INF - <module> - ('Servicio Finalizado',)
19:10:43 - INF - <module> - ('Servicio Iniciado',)
19:10:43 - INF - <module> - ('Servicio Iniciado',)
19:11:48 - INF - <module> - ('Servicio Finalizado',)
19:11:49 - INF - <module> - ('Servicio Iniciado',)
19:14:42 - INF - <module> - ('Servicio Finalizado',)
19:14:43 - INF - <module> - ('Servicio Iniciado',)
19:21:44 - INF - <module> - ('Servicio Finalizado',)
19:21:45 - INF - <module> - ('Servicio Iniciado',)
19:29:17 - INF - <module> - ('Servicio Finalizado',)
19:29:18 - INF - <module> - ('Servicio Iniciado',)
19:32:39 - INF - <module> - ('Servicio Finalizado',)
19:32:40 - INF - <module> - ('Servicio Iniciado',)
19:34:02 - INF - <module> - ('Servicio Finalizado',)
19:34:03 - INF - <module> - ('Servicio Iniciado',)
19:34:13 - INF - <module> - ('Servicio Finalizado',)
19:34:13 - INF - <module> - ('Servicio Finalizado',)
19:34:14 - INF - <module> - ('Servicio Iniciado',)
19:34:15 - INF - <module> - ('Servicio Iniciado',)
19:37:33 - INF - <module> - ('Servicio Finalizado',)
19:37:34 - INF - <module> - ('Servicio Iniciado',)
19:39:49 - INF - <module> - ('Servicio Finalizado',)
19:39:50 - INF - <module> - ('Servicio Iniciado',)
19:42:40 - INF - <module> - ('Servicio Finalizado',)
19:42:41 - INF - <module> - ('Servicio Iniciado',)
19:44:38 - INF - <module> - ('Servicio Finalizado',)
19:44:39 - INF - <module> - ('Servicio Iniciado',)
19:47:10 - INF - <module> - ('Servicio Finalizado',)
19:47:10 - INF - <module> - ('Servicio Iniciado',)
19:48:04 - INF - <module> - ('Servicio Finalizado',)
19:48:04 - INF - <module> - ('Servicio Iniciado',)
19:48:29 - INF - <module> - ('Servicio Finalizado',)
19:48:29 - INF - <module> - ('Servicio Iniciado',)
19:53:17 - INF - <module> - ('Servicio Finalizado',)
19:53:18 - INF - <module> - ('Servicio Iniciado',)
19:55:52 - INF - <module> - ('Servicio Finalizado',)
19:55:53 - INF - <module> - ('Servicio Iniciado',)
19:58:00 - INF - <module> - ('Servicio Finalizado',)
19:58:00 - INF - <module> - ('Servicio Iniciado',)
19:58:07 - INF - <module> - ('Servicio Finalizado',)
19:58:08 - INF - <module> - ('Servicio Iniciado',)
19:58:12 - INF - <module> - ('Servicio Finalizado',)
19:58:12 - INF - <module> - ('Servicio Finalizado',)
19:58:13 - INF - <module> - ('Servicio Iniciado',)
19:58:13 - INF - <module> - ('Servicio Iniciado',)
19:59:26 - INF - <module> - ('Servicio Finalizado',)
19:59:27 - INF - <module> - ('Servicio Iniciado',)
20:09:38 - INF - <module> - ('Servicio Finalizado',)
20:09:39 - INF - <module> - ('Servicio Iniciado',)
20:10:05 - INF - <module> - ('Servicio Finalizado',)
20:10:05 - INF - <module> - ('Servicio Iniciado',)
20:11:53 - INF - <module> - ('Servicio Finalizado',)
20:11:54 - INF - <module> - ('Servicio Iniciado',)
20:12:52 - INF - <module> - ('Servicio Finalizado',)
20:12:52 - INF - <module> - ('Servicio Finalizado',)
20:12:53 - INF - <module> - ('Servicio Iniciado',)
20:12:54 - INF - <module> - ('Servicio Iniciado',)
20:15:15 - INF - <module> - ('Servicio Finalizado',)
20:15:15 - INF - <module> - ('Servicio Iniciado',)
20:16:40 - INF - <module> - ('Servicio Finalizado',)
20:16:41 - INF - <module> - ('Servicio Iniciado',)
20:16:46 - INF - <module> - ('Servicio Finalizado',)
20:16:46 - INF - <module> - ('Servicio Iniciado',)
20:18:30 - INF - <module> - ('Servicio Finalizado',)
20:18:31 - INF - <module> - ('Servicio Iniciado',)
20:21:45 - INF - <module> - ('Servicio Finalizado',)
20:21:45 - INF - <module> - ('Servicio Iniciado',)
20:26:38 - INF - <module> - ('Servicio Finalizado',)
20:26:39 - INF - <module> - ('Servicio Iniciado',)
20:27:56 - INF - <module> - ('Servicio Finalizado',)
20:27:56 - INF - <module> - ('Servicio Iniciado',)
20:29:00 - INF - <module> - ('Servicio Finalizado',)
20:29:01 - INF - <module> - ('Servicio Iniciado',)
20:29:33 - INF - <module> - ('Servicio Finalizado',)
20:29:34 - INF - <module> - ('Servicio Iniciado',)
20:30:53 - INF - <module> - ('Servicio Finalizado',)
20:30:54 - INF - <module> - ('Servicio Iniciado',)
20:37:56 - INF - <module> - ('Servicio Finalizado',)
20:37:57 - INF - <module> - ('Servicio Iniciado',)
20:38:12 - INF - <module> - ('Servicio Finalizado',)
20:38:13 - INF - <module> - ('Servicio Iniciado',)
20:39:08 - INF - <module> - ('Servicio Finalizado',)
20:39:08 - INF - <module> - ('Servicio Finalizado',)
20:39:09 - INF - <module> - ('Servicio Iniciado',)
20:39:10 - INF - <module> - ('Servicio Iniciado',)
20:40:12 - INF - <module> - ('Servicio Finalizado',)
20:40:13 - INF - <module> - ('Servicio Iniciado',)
20:40:14 - INF - get - ('Iniciando GET /posts/gly0/999',)
20:40:22 - INF - <module> - ('Servicio Finalizado',)
20:40:22 - INF - <module> - ('Servicio Iniciado',)
20:46:59 - INF - <module> - ('Servicio Finalizado',)
20:46:59 - INF - <module> - ('Servicio Iniciado',)
20:47:41 - INF - <module> - ('Servicio Finalizado',)
20:47:42 - INF - <module> - ('Servicio Iniciado',)
20:48:34 - INF - <module> - ('Servicio Finalizado',)
20:48:35 - INF - <module> - ('Servicio Iniciado',)
20:49:01 - INF - <module> - ('Servicio Finalizado',)
20:49:01 - INF - <module> - ('Servicio Iniciado',)
20:50:20 - INF - <module> - ('Servicio Finalizado',)
20:50:21 - INF - <module> - ('Servicio Iniciado',)
20:51:28 - INF - <module> - ('Servicio Finalizado',)
20:51:29 - INF - <module> - ('Servicio Iniciado',)
21:07:04 - INF - <module> - ('Servicio Finalizado',)
21:07:04 - INF - <module> - ('Servicio Iniciado',)
21:12:22 - INF - <module> - ('Servicio Finalizado',)
21:12:22 - INF - <module> - ('Servicio Iniciado',)
21:12:37 - INF - <module> - ('Servicio Finalizado',)
21:12:37 - INF - <module> - ('Servicio Iniciado',)
21:14:05 - INF - <module> - ('Servicio Finalizado',)
21:14:06 - INF - <module> - ('Servicio Iniciado',)
21:14:07 - INF - get_post_id - ("Ejecutando consulta con valores: (2, 'gly0')",)
21:20:12 - INF - <module> - ('Servicio Finalizado',)
21:20:13 - INF - <module> - ('Servicio Iniciado',)
21:20:26 - INF - <module> - ('Servicio Finalizado',)
21:20:27 - INF - <module> - ('Servicio Iniciado',)
21:21:12 - INF - <module> - ('Servicio Finalizado',)
21:21:13 - INF - <module> - ('Servicio Iniciado',)
21:21:33 - INF - <module> - ('Servicio Finalizado',)
21:21:33 - INF - <module> - ('Servicio Iniciado',)
21:21:45 - INF - get_post_id - ("Ejecutando consulta con valores: (2, 'gly0')",)
21:21:45 - INF - get_post_id - ("El resultado no tiene el formato esperado: {'result': True, 'data': RealDictRow([('u_login', 'gly0'), ('post_content', 'Este es el contenido actualizado de la publicación.'), ('post_image_url', 'http://example.com/imagen_actualizada.jpg'), ('post_likes', 0), ('post_updated_at', '2025-01-16T19:14:44Z')]), 'message': None}",)
21:22:58 - INF - <module> - ('Servicio Finalizado',)
21:22:59 - INF - <module> - ('Servicio Iniciado',)
21:22:59 - INF - get_post_id - ("Ejecutando consulta con valores: (2, 'gly0')",)
21:24:47 - INF - <module> - ('Servicio Finalizado',)
21:24:48 - INF - <module> - ('Servicio Iniciado',)
21:24:50 - INF - get_post_id - ("Ejecutando consulta con valores: (2, 'gly0')",)
21:24:50 - INF - get_post_id - ("El resultado no tiene el formato esperado: {'result': True, 'data': RealDictRow([('u_login', 'gly0'), ('post_content', 'Este es el contenido actualizado de la publicación.'), ('post_image_url', 'http://example.com/imagen_actualizada.jpg'), ('post_likes', 0), ('post_updated_at', '2025-01-16T19:14:44Z')]), 'message': None}",)
21:24:51 - INF - get_post_id - ("Ejecutando consulta con valores: (2, 'gly0')",)
21:24:51 - INF - get_post_id - ("El resultado no tiene el formato esperado: {'result': True, 'data': RealDictRow([('u_login', 'gly0'), ('post_content', 'Este es el contenido actualizado de la publicación.'), ('post_image_url', 'http://example.com/imagen_actualizada.jpg'), ('post_likes', 0), ('post_updated_at', '2025-01-16T19:14:44Z')]), 'message': None}",)
21:25:49 - INF - <module> - ('Servicio Finalizado',)
21:25:49 - INF - <module> - ('Servicio Iniciado',)
21:25:50 - INF - get_post_id - ("Ejecutando consulta con valores: (2, 'gly0')",)
21:25:51 - INF - get_post_id - ("Resultado de la consulta: {'result': True, 'data': RealDictRow([('u_login', 'gly0'), ('post_content', 'Este es el contenido actualizado de la publicación.'), ('post_image_url', 'http://example.com/imagen_actualizada.jpg'), ('post_likes', 0), ('post_updated_at', '2025-01-16T19:14:44Z')]), 'message': None}",)
21:26:00 - INF - <module> - ('Servicio Finalizado',)
21:26:00 - INF - <module> - ('Servicio Finalizado',)
21:26:01 - INF - <module> - ('Servicio Iniciado',)
21:26:01 - INF - <module> - ('Servicio Iniciado',)
21:26:08 - INF - get_post_id - ("Ejecutando consulta con valores: (2, 'gly0')",)
21:26:08 - INF - get_post_id - ("Resultado de la consulta: {'result': True, 'data': RealDictRow([('u_login', 'gly0'), ('post_content', 'Este es el contenido actualizado de la publicación.'), ('post_image_url', 'http://example.com/imagen_actualizada.jpg'), ('post_likes', 0), ('post_updated_at', '2025-01-16T19:14:44Z')]), 'message': None}",)
21:26:30 - INF - <module> - ('Servicio Finalizado',)
21:26:31 - INF - <module> - ('Servicio Iniciado',)
21:26:52 - INF - <module> - ('Servicio Finalizado',)
21:26:53 - INF - <module> - ('Servicio Iniciado',)
21:32:29 - INF - <module> - ('Servicio Finalizado',)
21:32:30 - INF - <module> - ('Servicio Iniciado',)
21:32:30 - INF - get_post_id - ("Ejecutando consulta con valores: (2, 'gly0')",)
21:32:30 - INF - get_post_id - ("Resultado de la consulta: {'result': True, 'data': RealDictRow([('u_login', 'gly0'), ('post_content', 'Este es el contenido actualizado de la publicación.'), ('post_image_url', 'http://example.com/imagen_actualizada.jpg'), ('post_likes', 0), ('post_updated_at', '2025-01-16T19:14:44Z')]), 'message': None}",)
21:33:28 - INF - <module> - ('Servicio Finalizado',)
21:33:28 - INF - <module> - ('Servicio Iniciado',)
21:37:37 - INF - <module> - ('Servicio Finalizado',)
21:37:37 - INF - <module> - ('Servicio Iniciado',)
21:37:49 - INF - <module> - ('Servicio Finalizado',)
21:37:50 - INF - <module> - ('Servicio Iniciado',)
21:38:09 - INF - <module> - ('Servicio Finalizado',)
21:38:09 - INF - <module> - ('Servicio Iniciado',)
21:43:27 - INF - <module> - ('Servicio Finalizado',)
21:43:28 - INF - <module> - ('Servicio Iniciado',)
21:43:56 - INF - <module> - ('Servicio Finalizado',)
21:43:56 - INF - <module> - ('Servicio Iniciado',)
21:48:24 - INF - <module> - ('Servicio Finalizado',)
21:48:24 - INF - <module> - ('Servicio Iniciado',)
21:48:26 - INF - get_post_by_id_and_user - ("Ejecutando consulta con valores: (2, 'gly0')",)
21:48:57 - INF - <module> - ('Servicio Finalizado',)
21:48:58 - INF - <module> - ('Servicio Iniciado',)
21:49:01 - INF - get_post_by_id_and_user - ("Ejecutando consulta con valores: (2, 'gly0')",)
21:51:48 - INF - <module> - ('Servicio Finalizado',)
21:51:49 - INF - <module> - ('Servicio Iniciado',)
21:51:49 - INF - get_post_by_id_and_user - ("Ejecutando consulta con valores: (2, 'gly0')",)
21:57:48 - INF - <module> - ('Servicio Finalizado',)
21:57:48 - INF - <module> - ('Servicio Iniciado',)
21:57:53 - INF - get_post_by_id_and_user - ("Ejecutando consulta con valores: (2, 'gly0')",)
21:58:38 - INF - <module> - ('Servicio Finalizado',)
21:58:39 - INF - <module> - ('Servicio Iniciado',)
21:59:54 - INF - <module> - ('Servicio Finalizado',)
21:59:55 - INF - <module> - ('Servicio Iniciado',)
22:05:40 - INF - <module> - ('Servicio Finalizado',)
22:05:41 - INF - <module> - ('Servicio Iniciado',)
22:11:00 - INF - <module> - ('Servicio Finalizado',)
22:11:01 - INF - <module> - ('Servicio Iniciado',)
22:11:23 - INF - <module> - ('Servicio Finalizado',)
22:11:23 - INF - <module> - ('Servicio Iniciado',)
22:11:41 - INF - <module> - ('Servicio Finalizado',)
22:11:42 - INF - <module> - ('Servicio Iniciado',)
22:13:01 - INF - <module> - ('Servicio Finalizado',)
22:13:01 - INF - <module> - ('Servicio Iniciado',)
22:13:24 - INF - <module> - ('Servicio Finalizado',)
22:13:24 - INF - <module> - ('Servicio Iniciado',)
22:14:08 - INF - <module> - ('Servicio Finalizado',)
22:14:09 - INF - <module> - ('Servicio Iniciado',)
22:15:42 - INF - <module> - ('Servicio Finalizado',)
22:15:42 - INF - <module> - ('Servicio Iniciado',)
22:16:37 - INF - <module> - ('Servicio Finalizado',)
22:16:38 - INF - <module> - ('Servicio Iniciado',)
22:17:49 - INF - <module> - ('Servicio Finalizado',)
22:17:49 - INF - <module> - ('Servicio Finalizado',)
22:17:50 - INF - <module> - ('Servicio Iniciado',)
22:17:50 - INF - <module> - ('Servicio Iniciado',)
22:18:23 - INF - <module> - ('Servicio Finalizado',)
22:18:24 - INF - <module> - ('Servicio Iniciado',)
22:18:40 - INF - <module> - ('Servicio Finalizado',)
22:18:41 - INF - <module> - ('Servicio Iniciado',)
22:19:06 - INF - <module> - ('Servicio Finalizado',)
22:19:06 - INF - <module> - ('Servicio Iniciado',)
22:22:17 - INF - <module> - ('Servicio Finalizado',)
22:22:18 - INF - <module> - ('Servicio Iniciado',)
22:23:25 - INF - <module> - ('Servicio Finalizado',)
22:23:25 - INF - <module> - ('Servicio Iniciado',)
22:23:28 - INF - <module> - ('Servicio Finalizado',)
22:23:28 - INF - <module> - ('Servicio Finalizado',)
