18:39:32 - INF - <module> - ('Servicio Iniciado',)
18:39:32 - INF - <module> - ('Servicio Iniciado',)
18:43:16 - INF - post - ('servicio de Login Ejecutando',)
19:03:15 - INF - <module> - ('Servicio Finalizado',)
19:03:16 - INF - <module> - ('Servicio Iniciado',)
19:03:40 - INF - post - ('servicio de Login Ejecutando',)
19:07:15 - INF - post - ('servicio de Login Ejecutando',)
19:15:43 - INF - <module> - ('Servicio Finalizado',)
19:15:44 - INF - <module> - ('Servicio Iniciado',)
19:16:07 - INF - post - ('servicio de Login Ejecutando',)
19:17:47 - INF - <module> - ('Servicio Finalizado',)
19:17:47 - INF - <module> - ('Servicio Finalizado',)
19:17:53 - INF - <module> - ('Servicio Iniciado',)
19:17:54 - INF - <module> - ('Servicio Iniciado',)
19:18:10 - INF - post - ('servicio de Login Ejecutando',)
19:18:52 - INF - post - ('servicio de Login Ejecutando',)
19:19:08 - INF - post - ('servicio de Login Ejecutando',)
19:19:12 - INF - post - ('servicio de Login Ejecutando',)
19:22:41 - INF - <module> - ('Servicio Finalizado',)
19:22:41 - INF - <module> - ('Servicio Iniciado',)
19:26:15 - INF - post - ('servicio de Login Ejecutando',)
19:26:16 - INF - Login - ('Error al ejecutar Login ->connection to server at "5.161.135.79", port 5432 failed: FATAL:  password authentication failed for user "dawau"\n',)
19:27:07 - INF - <module> - ('Servicio Finalizado',)
19:27:08 - INF - <module> - ('Servicio Finalizado',)
19:27:20 - INF - <module> - ('Servicio Iniciado',)
19:27:21 - INF - <module> - ('Servicio Iniciado',)
19:27:40 - INF - post - ('servicio de Login Ejecutando',)
19:27:40 - INF - Login - ("Error al ejecutar Login ->'utf-8' codec can't decode byte 0xed in position 78: invalid continuation byte",)
19:32:52 - INF - <module> - ('Servicio Finalizado',)
19:32:52 - INF - <module> - ('Servicio Finalizado',)
19:32:56 - INF - <module> - ('Servicio Iniciado',)
19:32:56 - INF - <module> - ('Servicio Iniciado',)
19:33:13 - INF - post - ('servicio de Login Ejecutando',)
19:33:13 - INF - Login - ('Error al ejecutar Login ->connection to server at "5.161.135.79", port 5432 failed: FATAL:  password authentication failed for user "dawau"\n',)
19:34:30 - INF - <module> - ('Servicio Finalizado',)
19:34:30 - INF - <module> - ('Servicio Finalizado',)
19:34:36 - INF - <module> - ('Servicio Iniciado',)
19:34:36 - INF - <module> - ('Servicio Iniciado',)
19:34:54 - INF - post - ('servicio de Login Ejecutando',)
19:34:54 - INF - Login - ("Error al ejecutar Login ->'utf-8' codec can't decode byte 0xf3 in position 85: invalid continuation byte",)
19:35:32 - INF - <module> - ('Servicio Finalizado',)
19:35:32 - INF - <module> - ('Servicio Finalizado',)
19:35:43 - INF - <module> - ('Servicio Iniciado',)
19:35:44 - INF - <module> - ('Servicio Iniciado',)
19:37:12 - INF - post - ('servicio de Login Ejecutando',)
19:37:13 - INF - Login - ('Error al ejecutar Login ->connection to server at "5.161.135.79", port 5432 failed: FATAL:  password authentication failed for user "dawau"\n',)
19:39:06 - INF - <module> - ('Servicio Finalizado',)
19:39:06 - INF - <module> - ('Servicio Finalizado',)
19:39:12 - INF - <module> - ('Servicio Iniciado',)
19:39:13 - INF - <module> - ('Servicio Iniciado',)
19:39:32 - INF - post - ('servicio de Login Ejecutando',)
19:39:32 - INF - Login - ('Error al ejecutar Login ->connection to server at "5.161.135.79", port 5432 failed: FATAL:  password authentication failed for user "dawau"\n',)
19:43:49 - INF - <module> - ('Servicio Finalizado',)
19:43:49 - INF - <module> - ('Servicio Finalizado',)
19:43:56 - INF - <module> - ('Servicio Iniciado',)
19:43:57 - INF - <module> - ('Servicio Iniciado',)
19:44:09 - INF - post - ('servicio de Login Ejecutando',)
19:44:10 - INF - Login - ('Error al ejecutar Login ->connection to server at "5.161.135.79", port 5432 failed: FATAL:  password authentication failed for user "admin"\n',)
19:53:36 - INF - <module> - ('Servicio Finalizado',)
19:53:37 - INF - <module> - ('Servicio Finalizado',)
19:53:56 - INF - <module> - ('Servicio Iniciado',)
19:53:57 - INF - <module> - ('Servicio Iniciado',)
19:54:22 - INF - post - ('servicio de Login Ejecutando',)
19:54:22 - INF - Login - ('Error al ejecutar Login ->connection to server at "5.161.135.79", port 5432 failed: FATAL:  password authentication failed for user "dawau"\n',)
19:54:59 - INF - <module> - ('Servicio Finalizado',)
19:54:59 - INF - <module> - ('Servicio Finalizado',)
20:08:29 - INF - <module> - ('Servicio Iniciado',)
20:08:29 - INF - <module> - ('Servicio Iniciado',)
20:08:48 - INF - post - ('servicio de Login Ejecutando',)
20:08:48 - INF - Login - ('Error al ejecutar Login ->connection to server at "5.161.135.79", port 5432 failed: FATAL:  password authentication failed for user "dawau"\n',)
20:13:22 - INF - <module> - ('Servicio Finalizado',)
20:13:23 - INF - <module> - ('Servicio Iniciado',)
20:13:34 - INF - post - ('servicio de Login Ejecutando',)
20:13:34 - INF - Login - ('Error al ejecutar Login ->connection to server at "5.161.135.79", port 5434 failed: FATAL:  password authentication failed for user "dawau"\n',)
20:16:08 - INF - <module> - ('Servicio Finalizado',)
20:16:09 - INF - <module> - ('Servicio Iniciado',)
20:16:32 - INF - <module> - ('Servicio Finalizado',)
20:16:33 - INF - <module> - ('Servicio Iniciado',)
20:18:43 - INF - post - ('servicio de Login Ejecutando',)
20:18:43 - INF - Login - ('Error al ejecutar Login ->connection to server at "5.161.135.79", port 5434 failed: FATAL:  password authentication failed for user "dawau"\n',)
20:35:00 - INF - <module> - ('Servicio Finalizado',)
20:35:00 - INF - <module> - ('Servicio Finalizado',)
20:42:55 - INF - <module> - ('Servicio Iniciado',)
20:42:56 - INF - <module> - ('Servicio Iniciado',)
20:43:16 - INF - post - ('servicio de Login Ejecutando',)
20:43:17 - INF - Login - ('Error al ejecutar Login ->connection to server at "5.161.135.79", port 5434 failed: FATAL:  password authentication failed for user "dawau"\n',)
20:46:17 - INF - <module> - ('Servicio Finalizado',)
20:46:17 - INF - <module> - ('Servicio Finalizado',)
20:46:49 - INF - <module> - ('Servicio Iniciado',)
20:46:49 - INF - <module> - ('Servicio Iniciado',)
20:47:04 - INF - post - ('servicio de Login Ejecutando',)
20:47:05 - INF - Login - ('Error al ejecutar Login ->connection to server at "5.161.135.79", port 5434 failed: FATAL:  password authentication failed for user "dawau"\n',)
20:56:40 - INF - post - ('servicio de Login Ejecutando',)
20:56:41 - INF - Login - ('Error al ejecutar Login ->connection to server at "5.161.135.79", port 5434 failed: FATAL:  password authentication failed for user "dawau"\n',)
20:59:27 - INF - <module> - ('Servicio Finalizado',)
20:59:27 - INF - <module> - ('Servicio Finalizado',)
20:59:30 - INF - <module> - ('Servicio Iniciado',)
20:59:31 - INF - <module> - ('Servicio Iniciado',)
20:59:48 - INF - post - ('servicio de Login Ejecutando',)
20:59:48 - INF - Login - ('Error al ejecutar Login ->connection to server at "5.161.135.79", port 5434 failed: FATAL:  password authentication failed for user "dawau"\n',)
21:00:24 - INF - <module> - ('Servicio Finalizado',)
21:00:24 - INF - <module> - ('Servicio Finalizado',)
21:00:40 - INF - <module> - ('Servicio Iniciado',)
21:00:41 - INF - <module> - ('Servicio Iniciado',)
21:00:54 - INF - post - ('servicio de Login Ejecutando',)
21:00:55 - INF - Login - ('Error al ejecutar Login ->connection to server at "5.161.135.79", port 5434 failed: FATAL:  password authentication failed for user "dawau"\n',)
21:01:20 - INF - post - ('servicio de Login Ejecutando',)
21:01:21 - INF - Login - ('Error al ejecutar Login ->connection to server at "5.161.135.79", port 5434 failed: FATAL:  password authentication failed for user "dawau"\n',)
21:02:01 - INF - <module> - ('Servicio Finalizado',)
21:02:01 - INF - <module> - ('Servicio Finalizado',)
21:02:02 - INF - <module> - ('Servicio Iniciado',)
21:02:03 - INF - <module> - ('Servicio Iniciado',)
21:02:19 - INF - post - ('servicio de Login Ejecutando',)
21:02:20 - INF - Login - ('Error al ejecutar Login ->connection to server at "5.161.135.79", port 5434 failed: FATAL:  password authentication failed for user "dawau"\n',)
21:02:26 - INF - post - ('servicio de Login Ejecutando',)
21:02:26 - INF - Login - ('Error al ejecutar Login ->connection to server at "5.161.135.79", port 5434 failed: FATAL:  password authentication failed for user "dawau"\n',)
21:02:36 - INF - post - ('servicio de Login Ejecutando',)
21:02:36 - INF - Login - ('Error al ejecutar Login ->connection to server at "5.161.135.79", port 5434 failed: FATAL:  password authentication failed for user "dawau"\n',)
21:05:28 - INF - <module> - ('Servicio Finalizado',)
21:05:28 - INF - <module> - ('Servicio Finalizado',)
21:05:32 - INF - <module> - ('Servicio Iniciado',)
21:05:32 - INF - <module> - ('Servicio Iniciado',)
21:05:53 - INF - post - ('servicio de Login Ejecutando',)
21:05:57 - INF - Login - ('Error al ejecutar Login ->connection to server at "localhost" (::1), port 5434 failed: Connection refused (0x0000274D/10061)\n\tIs the server running on that host and accepting TCP/IP connections?\nconnection to server at "localhost" (127.0.0.1), port 5434 failed: Connection refused (0x0000274D/10061)\n\tIs the server running on that host and accepting TCP/IP connections?\n',)
21:08:35 - INF - <module> - ('Servicio Finalizado',)
21:08:35 - INF - <module> - ('Servicio Finalizado',)
21:08:36 - INF - <module> - ('Servicio Iniciado',)
21:08:36 - INF - <module> - ('Servicio Iniciado',)
21:08:52 - INF - post - ('servicio de Login Ejecutando',)
21:08:53 - INF - Login - ('Error al ejecutar Login ->connection to server at "5.161.135.79", port 5434 failed: FATAL:  password authentication failed for user "dawau"\n',)
21:14:48 - INF - <module> - ('Servicio Finalizado',)
21:14:48 - INF - <module> - ('Servicio Finalizado',)
21:14:50 - INF - <module> - ('Servicio Iniciado',)
21:14:51 - INF - <module> - ('Servicio Iniciado',)
21:15:03 - INF - post - ('servicio de Login Ejecutando',)
21:15:04 - INF - Login - ('Error al ejecutar Login ->connection to server at "5.161.135.79", port 5434 failed: FATAL:  password authentication failed for user "dawau"\n',)
21:17:11 - INF - <module> - ('Servicio Finalizado',)
21:17:11 - INF - <module> - ('Servicio Finalizado',)
