10:08:39 - INF - <module> - ('Servicio Iniciado',)
10:08:41 - INF - <module> - ('Servicio Iniciado',)
10:18:42 - INF - <module> - ('Servicio Finalizado',)
10:18:43 - INF - <module> - ('Servicio Finalizado',)
10:18:50 - INF - <module> - ('Servicio Iniciado',)
10:18:50 - INF - <module> - ('Servicio Iniciado',)
10:21:57 - INF - <module> - ('Servicio Finalizado',)
10:21:57 - INF - <module> - ('Servicio Finalizado',)
10:22:06 - INF - <module> - ('Servicio Iniciado',)
10:22:06 - INF - <module> - ('Servicio Iniciado',)
10:25:05 - INF - post - ('servicio de Login Ejecutando',)
10:25:05 - INF - post - ("Error al validar el request ->{'login_password': ['Missing data for required field.'], 'login_user': ['Missing data for required field.'], 'password': ['Unknown field.'], 'username': ['Unknown field.']}",)
10:25:34 - INF - post - ('servicio de Login Ejecutando',)
10:31:48 - INF - <module> - ('Servicio Finalizado',)
10:31:48 - INF - <module> - ('Servicio Finalizado',)
11:01:16 - INF - <module> - ('Servicio Iniciado',)
11:01:17 - INF - <module> - ('Servicio Iniciado',)
11:12:22 - INF - <module> - ('Servicio Finalizado',)
11:12:26 - INF - <module> - ('Servicio Iniciado',)
11:13:05 - INF - <module> - ('Servicio Finalizado',)
11:13:06 - INF - <module> - ('Servicio Iniciado',)
11:15:11 - INF - post - ('servicio de Login Ejecutando',)
11:15:11 - INF - post - ("Error al validar el request ->{'login_user': ['Missing data for required field.'], 'login_password': ['Missing data for required field.'], 'password': ['Unknown field.'], 'username': ['Unknown field.']}",)
11:15:51 - INF - post - ('servicio de Login Ejecutando',)
11:25:08 - INF - post - ('servicio de Login Ejecutando',)
11:25:08 - INF - post - ("Error al validar el request ->{'login_user': ['Missing data for required field.'], 'login_password': ['Missing data for required field.'], 'password': ['Unknown field.'], 'username': ['Unknown field.']}",)
11:27:55 - INF - <module> - ('Servicio Finalizado',)
11:27:55 - INF - <module> - ('Servicio Finalizado',)
11:27:56 - INF - <module> - ('Servicio Iniciado',)
11:27:56 - INF - <module> - ('Servicio Iniciado',)
11:29:42 - INF - post - ('servicio de Login Ejecutando',)
11:29:42 - INF - post - ("Error al validar el request ->{'login_user': ['Missing data for required field.'], 'login_password': ['Missing data for required field.'], 'password': ['Unknown field.'], 'username': ['Unknown field.']}",)
11:32:21 - INF - post - ('servicio de Login Ejecutando',)
11:32:21 - INF - post - ("Error al validar el request ->{'login_user': ['Missing data for required field.'], 'login_password': ['Missing data for required field.'], 'password': ['Unknown field.'], 'username': ['Unknown field.']}",)
11:36:18 - INF - post - ('servicio de Login Ejecutando',)
11:36:18 - INF - post - ("Error al validar el request ->{'login_user': ['Missing data for required field.'], 'login_password': ['Missing data for required field.'], 'password': ['Unknown field.'], 'username': ['Unknown field.']}",)
11:42:14 - INF - post - ('servicio de Login Ejecutando',)
11:42:55 - INF - post - ('servicio de Login Ejecutando',)
11:44:19 - INF - <module> - ('Servicio Finalizado',)
11:44:19 - INF - <module> - ('Servicio Iniciado',)
11:44:37 - INF - <module> - ('Servicio Finalizado',)
11:44:38 - INF - <module> - ('Servicio Iniciado',)
11:44:57 - INF - <module> - ('Servicio Finalizado',)
11:44:57 - INF - <module> - ('Servicio Iniciado',)
11:44:59 - INF - post - ('servicio de Login Ejecutando',)
12:54:52 - INF - post - ('servicio de Login Ejecutando',)
13:10:06 - INF - post - ('servicio de Login Ejecutando',)
13:10:22 - INF - <module> - ('Servicio Iniciado',)
13:10:23 - INF - <module> - ('Servicio Iniciado',)
13:59:49 - INF - <module> - ('Servicio Finalizado',)
13:59:49 - INF - <module> - ('Servicio Finalizado',)
14:10:58 - INF - <module> - ('Servicio Finalizado',)
14:15:09 - INF - <module> - ('Servicio Iniciado',)
14:15:10 - INF - <module> - ('Servicio Iniciado',)
14:15:12 - INF - post - ('servicio de Login Ejecutando',)
14:52:12 - INF - post - ('servicio de Login Ejecutando',)
15:38:13 - INF - post - ('servicio de Login Ejecutando',)
16:58:28 - INF - post - ('servicio de Login Ejecutando',)
17:02:14 - INF - get - ('servicio de consulta Ejecutando',)
17:19:15 - INF - post - ('servicio de Login Ejecutando',)
17:19:43 - INF - post - ('servicio de Login Ejecutando',)
17:19:59 - INF - post - ('servicio de Login Ejecutando',)
17:23:20 - INF - <module> - ('Servicio Finalizado',)
17:23:21 - INF - <module> - ('Servicio Finalizado',)
