11:28:05 - INF - <module> - ('Servicio Iniciado',)
11:28:05 - INF - <module> - ('Servicio Iniciado',)
11:31:24 - INF - post - ('servicio de Login Ejecutando',)
11:31:24 - INF - post - ("Error al validar el request ->{'login_user': ['Missing data for required field.'], 'login_password': ['Missing data for required field.'], 'p_email': ['Unknown field.'], 'p_user': ['Unknown field.'], 'p_clave': ['Unknown field.'], 'p_image_url': ['Unknown field.']}",)
11:33:09 - INF - post - ('Servicio de Registro ejecutando',)
11:33:09 - INF - post - ("Error al validar el request ->{'register_user': ['Missing data for required field.'], 'register_email': ['Missing data for required field.'], 'register_password': ['Missing data for required field.'], 'p_email': ['Unknown field.'], 'p_user': ['Unknown field.'], 'p_clave': ['Unknown field.'], 'p_image_url': ['Unknown field.']}",)
11:33:58 - INF - post - ('Servicio de Registro ejecutando',)
11:33:58 - INF - post - ("Error al validar el request ->{'register_user': ['Missing data for required field.'], 'register_email': ['Missing data for required field.'], 'register_password': ['Missing data for required field.'], 'p_email': ['Unknown field.'], 'p_user': ['Unknown field.'], 'p_clave': ['Unknown field.'], 'p_image_url': ['Unknown field.']}",)
11:37:39 - INF - post - ('Servicio de Registro ejecutando',)
11:37:39 - INF - post - ("Error al validar el request ->{'register_user': ['Missing data for required field.'], 'register_email': ['Missing data for required field.'], 'register_password': ['Missing data for required field.'], 'p_email': ['Unknown field.'], 'p_user': ['Unknown field.'], 'p_clave': ['Unknown field.'], 'p_image_url': ['Unknown field.']}",)
11:39:14 - INF - post - ('Servicio de Registro ejecutando',)
11:39:14 - INF - post - ("Error al validar el request ->{'register_user': ['Missing data for required field.'], 'register_email': ['Missing data for required field.'], 'register_password': ['Missing data for required field.'], 'u_user': ['Unknown field.'], 'u_email': ['Unknown field.'], 'u_clave': ['Unknown field.'], 'u_image_url': ['Unknown field.']}",)
11:42:48 - INF - post - ('Servicio de Registro ejecutando',)
11:44:16 - INF - <module> - ('Servicio Finalizado',)
11:44:17 - INF - <module> - ('Servicio Iniciado',)
11:44:26 - INF - post - ('Servicio de Registro ejecutando',)
11:44:26 - INF - post - ("Error al validar el request ->{'register_user': ['Field may not be null.'], 'register_image': ['Field may not be null.'], 'register_password': ['Field may not be null.'], 'register_email': ['Field may not be null.']}",)
11:44:41 - INF - post - ('Servicio de Registro ejecutando',)
11:44:41 - INF - post - ("Error al validar el request ->{'register_image': ['Field may not be null.'], 'register_password': ['Field may not be null.']}",)
11:46:30 - INF - <module> - ('Servicio Finalizado',)
11:46:30 - INF - <module> - ('Servicio Iniciado',)
11:47:30 - INF - <module> - ('Servicio Finalizado',)
11:47:30 - INF - <module> - ('Servicio Iniciado',)
11:47:58 - INF - post - ('Servicio de Registro ejecutando',)
11:47:58 - INF - post - ("Error al validar el request ->{'register_image': ['Field may not be null.']}",)
11:49:23 - INF - <module> - ('Servicio Finalizado',)
11:49:24 - INF - <module> - ('Servicio Iniciado',)
11:49:57 - INF - post - ('Servicio de Registro ejecutando',)
11:53:15 - INF - post - ('Servicio de Registro ejecutando',)
11:53:31 - INF - post - ('Servicio de Registro ejecutando',)
11:56:19 - INF - <module> - ('Servicio Finalizado',)
11:56:20 - INF - <module> - ('Servicio Iniciado',)
11:56:26 - INF - post - ('Servicio de Registro ejecutando',)
11:57:33 - INF - post - ('Servicio de Registro ejecutando',)
11:59:15 - INF - post - ('Servicio de Registro ejecutando',)
12:02:50 - INF - post - ('servicio de Login Ejecutando',)
12:02:50 - INF - post - ("Error al validar el request ->{'login_password': ['Missing data for required field.'], 'login_user': ['Missing data for required field.'], 'p_clave': ['Unknown field.'], 'p_user': ['Unknown field.']}",)
12:04:40 - INF - <module> - ('Servicio Finalizado',)
12:04:40 - INF - <module> - ('Servicio Iniciado',)
12:04:51 - INF - post - ('servicio de Login Ejecutando',)
12:04:51 - INF - post - ("Error al validar el request ->{'login_password': ['Missing data for required field.'], 'login_user': ['Missing data for required field.'], 'p_user': ['Unknown field.'], 'p_clave': ['Unknown field.']}",)
12:08:23 - INF - <module> - ('Servicio Finalizado',)
12:08:23 - INF - <module> - ('Servicio Iniciado',)
12:09:12 - INF - <module> - ('Servicio Finalizado',)
12:09:13 - INF - <module> - ('Servicio Iniciado',)
12:09:26 - INF - post - ('servicio de Login Ejecutando',)
12:15:12 - INF - post - ('Servicio de Registro ejecutando',)
12:16:17 - INF - post - ('Servicio de Logout Ejecutando',)
12:18:38 - INF - <module> - ('Servicio Finalizado',)
12:18:39 - INF - <module> - ('Servicio Iniciado',)
12:24:34 - INF - <module> - ('Servicio Finalizado',)
12:24:35 - INF - <module> - ('Servicio Iniciado',)
12:25:03 - INF - post - ('Servicio de Logout Ejecutando',)
12:25:03 - INF - invalidate_token - ('Token inválido durante la revocación.',)
12:26:16 - INF - <module> - ('Servicio Finalizado',)
12:26:17 - INF - <module> - ('Servicio Iniciado',)
12:27:35 - INF - <module> - ('Servicio Finalizado',)
12:27:36 - INF - <module> - ('Servicio Iniciado',)
12:28:34 - INF - <module> - ('Servicio Finalizado',)
12:28:35 - INF - <module> - ('Servicio Iniciado',)
12:29:22 - INF - post - ('servicio de Login Ejecutando',)
12:29:47 - INF - post - ('servicio de Login Ejecutando',)
12:57:17 - INF - <module> - ('Servicio Finalizado',)
12:57:27 - INF - <module> - ('Servicio Iniciado',)
13:01:20 - INF - post - ('Servicio de Reset Password Ejecutando',)
13:06:47 - INF - <module> - ('Servicio Finalizado',)
13:06:48 - INF - <module> - ('Servicio Iniciado',)
13:07:04 - INF - <module> - ('Servicio Finalizado',)
13:07:05 - INF - <module> - ('Servicio Iniciado',)
13:10:02 - INF - <module> - ('Servicio Finalizado',)
13:10:02 - INF - <module> - ('Servicio Iniciado',)
13:11:03 - INF - <module> - ('Servicio Finalizado',)
13:11:04 - INF - <module> - ('Servicio Iniciado',)
13:11:26 - INF - <module> - ('Servicio Finalizado',)
13:11:27 - INF - <module> - ('Servicio Iniciado',)
13:12:19 - INF - <module> - ('Servicio Finalizado',)
13:12:20 - INF - <module> - ('Servicio Iniciado',)
13:13:12 - INF - post - ('Servicio de Reset Password Ejecutando',)
13:13:54 - INF - <module> - ('Servicio Finalizado',)
13:13:55 - INF - <module> - ('Servicio Iniciado',)
13:14:01 - INF - post - ('Servicio de Reset Password Ejecutando',)
13:14:56 - INF - post - ('Servicio de Reset Password Ejecutando',)
13:16:34 - INF - post - ('Servicio de Reset Password Ejecutando',)
13:19:49 - INF - post - ('Servicio de Registro ejecutando',)
13:19:49 - INF - post - ("Error al validar el request ->{'register_user': ['Field may not be null.'], 'register_password': ['Field may not be null.'], 'register_email': ['Field may not be null.']}",)
13:20:39 - INF - post - ('Servicio de Registro ejecutando',)
13:22:17 - INF - post - ('Servicio de Reset Password Ejecutando',)
13:23:29 - INF - post - ('Servicio de Reset Password Ejecutando',)
13:34:08 - INF - <module> - ('Servicio Finalizado',)
13:34:09 - INF - <module> - ('Servicio Iniciado',)
13:34:14 - INF - post - ('Servicio de Reset Password Ejecutando',)
13:34:33 - INF - <module> - ('Servicio Finalizado',)
13:34:33 - INF - <module> - ('Servicio Iniciado',)
13:34:34 - INF - post - ('Servicio de Reset Password Ejecutando',)
13:34:39 - INF - post - ('Servicio de Reset Password Ejecutando',)
13:55:44 - INF - <module> - ('Servicio Finalizado',)
13:55:45 - INF - <module> - ('Servicio Iniciado',)
13:56:10 - INF - post - ('Servicio de Reset Password Ejecutando',)
13:56:16 - INF - post - ('Servicio de Reset Password Ejecutando',)
14:01:38 - INF - <module> - ('Servicio Finalizado',)
14:01:38 - INF - <module> - ('Servicio Finalizado',)
18:07:26 - INF - <module> - ('Servicio Iniciado',)
18:07:27 - INF - <module> - ('Servicio Iniciado',)
18:07:41 - INF - <module> - ('Servicio Finalizado',)
18:07:41 - INF - <module> - ('Servicio Finalizado',)
