01:36:03 - INF - <module> - ('Servicio Finalizado',)
01:36:03 - INF - <module> - ('Servicio Finalizado',)
12:49:21 - INF - <module> - ('Servicio Iniciado',)
12:49:22 - INF - <module> - ('Servicio Iniciado',)
12:49:27 - INF - post - ('servicio de Login Ejecutando',)
12:49:33 - INF - post - ('servicio de Login Ejecutando',)
12:49:33 - INF - login - ('Error al ejecutar Login: Sin resultados',)
12:55:17 - INF - <module> - ('Servicio Finalizado',)
12:55:17 - INF - <module> - ('Servicio Iniciado',)
13:09:15 - INF - post - ('servicio de Login Ejecutando',)
13:09:15 - INF - login - ('Error al ejecutar Login: Sin resultados',)
13:09:32 - INF - post - ('servicio de Login Ejecutando',)
13:09:33 - INF - login - ('Error al ejecutar Login: Sin resultados',)
13:12:42 - INF - <module> - ('Servicio Finalizado',)
13:12:43 - INF - <module> - ('Servicio Iniciado',)
13:12:51 - INF - post - ('servicio de Login Ejecutando',)
13:12:51 - INF - login - ('Error al ejecutar Login: Sin resultados',)
13:13:46 - INF - <module> - ('Servicio Finalizado',)
13:13:47 - INF - <module> - ('Servicio Iniciado',)
13:14:40 - INF - post - ('servicio de Login Ejecutando',)
13:14:40 - INF - login - ('Error al ejecutar Login: Sin resultados',)
13:16:02 - INF - post - ('servicio de Login Ejecutando',)
13:16:02 - INF - login - ('Error al ejecutar Login: Sin resultados',)
13:16:42 - INF - post - ('servicio de Login Ejecutando',)
13:16:42 - INF - login - (1,)
14:20:57 - INF - post - ('Servicio de Reset Password Ejecutando',)
14:21:23 - INF - post - ('servicio de Login Ejecutando',)
14:21:23 - INF - login - ('Error al ejecutar Login: Sin resultados',)
14:21:41 - INF - post - ('servicio de Login Ejecutando',)
14:21:41 - INF - login - (1,)
14:22:12 - INF - <module> - ('Servicio Finalizado',)
14:22:12 - INF - <module> - ('Servicio Finalizado',)
15:00:58 - INF - <module> - ('Servicio Iniciado',)
15:00:59 - INF - <module> - ('Servicio Iniciado',)
15:03:46 - INF - <module> - ('Servicio Finalizado',)
15:03:46 - INF - <module> - ('Servicio Finalizado',)
