16:27:10 - INF - <module> - ('Servicio Iniciado',)
16:27:10 - INF - <module> - ('Servicio Iniciado',)
16:31:07 - INF - post - ('servicio de Login Ejecutando',)
16:31:09 - INF - token_generate - ('Ocurrio un error al generar el token para el usuarioadmin',)
16:32:39 - INF - <module> - ('Servicio Finalizado',)
16:32:39 - INF - <module> - ('Servicio Iniciado',)
16:34:25 - INF - <module> - ('Servicio Finalizado',)
16:34:26 - INF - <module> - ('Servicio Iniciado',)
16:34:44 - INF - post - ('servicio de Login Ejecutando',)
16:34:45 - INF - token_generate - ('Ocurrio un error al generar el token para el usuarioadmin',)
16:38:52 - INF - <module> - ('Servicio Finalizado',)
16:38:53 - INF - <module> - ('Servicio Iniciado',)
16:39:14 - INF - post - ('servicio de Login Ejecutando',)
16:39:15 - INF - token_generate - ('Ocurrio un error al generar el token para el usuarioadmin',)
16:39:31 - INF - <module> - ('Servicio Finalizado',)
16:39:31 - INF - <module> - ('Servicio Iniciado',)
16:40:06 - INF - <module> - ('Servicio Finalizado',)
16:40:07 - INF - <module> - ('Servicio Iniciado',)
16:40:14 - INF - <module> - ('Servicio Finalizado',)
16:40:14 - INF - <module> - ('Servicio Iniciado',)
16:41:03 - INF - <module> - ('Servicio Finalizado',)
16:41:04 - INF - <module> - ('Servicio Iniciado',)
16:41:34 - INF - post - ('servicio de Login Ejecutando',)
16:41:34 - INF - token_generate - ('Ocurrio un error al generar el token para el usuarioadmin',)
16:42:20 - INF - <module> - ('Servicio Finalizado',)
16:42:20 - INF - <module> - ('Servicio Iniciado',)
16:42:57 - INF - <module> - ('Servicio Finalizado',)
16:42:58 - INF - <module> - ('Servicio Iniciado',)
16:43:16 - INF - <module> - ('Servicio Finalizado',)
16:43:16 - INF - <module> - ('Servicio Iniciado',)
16:43:36 - INF - <module> - ('Servicio Finalizado',)
16:43:36 - INF - <module> - ('Servicio Iniciado',)
16:44:07 - INF - <module> - ('Servicio Finalizado',)
16:44:08 - INF - <module> - ('Servicio Iniciado',)
16:44:22 - INF - post - ('servicio de Login Ejecutando',)
16:47:42 - INF - <module> - ('Servicio Finalizado',)
16:47:43 - INF - <module> - ('Servicio Finalizado',)
17:15:00 - INF - <module> - ('Servicio Iniciado',)
17:15:01 - INF - <module> - ('Servicio Iniciado',)
17:15:25 - INF - post - ('servicio de Login Ejecutando',)
17:15:39 - INF - get - ('servicio de consulta Ejecutando',)
17:16:53 - INF - <module> - ('Servicio Finalizado',)
17:16:54 - INF - <module> - ('Servicio Iniciado',)
17:17:05 - INF - <module> - ('Servicio Finalizado',)
17:17:06 - INF - <module> - ('Servicio Iniciado',)
17:19:01 - INF - <module> - ('Servicio Finalizado',)
17:19:01 - INF - <module> - ('Servicio Iniciado',)
17:20:10 - INF - <module> - ('Servicio Finalizado',)
17:20:10 - INF - <module> - ('Servicio Iniciado',)
17:21:19 - INF - get - ('servicio de consulta Ejecutando',)
17:21:47 - INF - get - ('servicio de consulta Ejecutando',)
17:21:47 - INF - token_Validate - ('Ocurrio un error al generar el token para el usuariosd.eyJpbnQiOjE3MzY0NjA5MjUuNzM5OTc5LCJleHAiOjE3MzY0NjE4MjUuNzM5OTc5LCJ1c2VybmFtZSI6ImFkbWluIn0.ZvOCs7f6WU3GP36b-XkufaKG6tWNViaw5zpHLRr4crc',)
17:23:35 - INF - <module> - ('Servicio Finalizado',)
17:23:35 - INF - <module> - ('Servicio Finalizado',)
