11:12:50 - INF - <module> - ('Servicio Iniciado',)
11:12:51 - INF - <module> - ('Servicio Iniciado',)
11:12:57 - INF - post - ('servicio de Login Ejecutando',)
11:13:04 - INF - post - ('servicio de Login Ejecutando',)
11:15:06 - INF - <module> - ('Servicio Finalizado',)
11:15:07 - INF - <module> - ('Servicio Iniciado',)
11:15:27 - INF - post - ('servicio de Login Ejecutando',)
11:15:31 - INF - post - ('servicio de Login Ejecutando',)
11:15:39 - INF - post - ('servicio de Login Ejecutando',)
11:15:54 - INF - post - ('servicio de Login Ejecutando',)
11:16:22 - INF - post - ('servicio de Login Ejecutando',)
11:16:41 - INF - post - ('servicio de Login Ejecutando',)
11:20:13 - INF - <module> - ('Servicio Finalizado',)
11:20:14 - INF - <module> - ('Servicio Iniciado',)
11:20:31 - INF - <module> - ('Servicio Finalizado',)
11:20:32 - INF - <module> - ('Servicio Iniciado',)
11:22:41 - INF - <module> - ('Servicio Finalizado',)
11:22:42 - INF - <module> - ('Servicio Iniciado',)
11:26:38 - INF - <module> - ('Servicio Finalizado',)
11:26:38 - INF - <module> - ('Servicio Finalizado',)
11:27:48 - INF - <module> - ('Servicio Iniciado',)
11:27:49 - INF - <module> - ('Servicio Iniciado',)
11:27:52 - INF - post - ('servicio de Login Ejecutando',)
11:27:55 - INF - post - ('servicio de Login Ejecutando',)
11:27:57 - INF - post - ('servicio de Login Ejecutando',)
11:27:58 - INF - post - ('servicio de Login Ejecutando',)
11:27:59 - INF - post - ('servicio de Login Ejecutando',)
11:28:00 - INF - post - ('servicio de Login Ejecutando',)
11:29:34 - INF - post - ('servicio de Login Ejecutando',)
11:29:43 - INF - post - ('servicio de Login Ejecutando',)
11:31:51 - INF - <module> - ('Servicio Finalizado',)
11:31:51 - INF - <module> - ('Servicio Finalizado',)
11:32:00 - INF - <module> - ('Servicio Iniciado',)
11:32:00 - INF - <module> - ('Servicio Iniciado',)
11:32:06 - INF - post - ('servicio de Login Ejecutando',)
11:32:10 - INF - post - ('servicio de Login Ejecutando',)
11:32:21 - INF - post - ('servicio de Login Ejecutando',)
11:32:46 - INF - post - ('servicio de Login Ejecutando',)
11:32:56 - INF - post - ('servicio de Login Ejecutando',)
11:33:51 - INF - <module> - ('Servicio Finalizado',)
11:33:52 - INF - <module> - ('Servicio Finalizado',)
11:33:58 - INF - <module> - ('Servicio Iniciado',)
11:33:58 - INF - <module> - ('Servicio Iniciado',)
11:34:03 - INF - post - ('servicio de Login Ejecutando',)
11:35:15 - INF - post - ('servicio de Login Ejecutando',)
11:38:06 - INF - <module> - ('Servicio Finalizado',)
11:38:06 - INF - <module> - ('Servicio Finalizado',)
11:39:04 - INF - <module> - ('Servicio Iniciado',)
11:39:05 - INF - <module> - ('Servicio Iniciado',)
11:39:08 - INF - post - ('servicio de Login Ejecutando',)
11:42:43 - INF - <module> - ('Servicio Finalizado',)
11:42:44 - INF - <module> - ('Servicio Iniciado',)
11:44:06 - INF - <module> - ('Servicio Finalizado',)
11:44:07 - INF - <module> - ('Servicio Iniciado',)
11:44:19 - INF - post - ('servicio de Login Ejecutando',)
11:44:19 - INF - login - (0,)
11:44:55 - INF - <module> - ('Servicio Finalizado',)
11:44:56 - INF - <module> - ('Servicio Iniciado',)
11:45:06 - INF - post - ('servicio de Login Ejecutando',)
11:45:06 - INF - login - (0,)
11:45:34 - INF - <module> - ('Servicio Finalizado',)
11:45:35 - INF - <module> - ('Servicio Iniciado',)
11:46:48 - INF - <module> - ('Servicio Finalizado',)
11:46:49 - INF - <module> - ('Servicio Iniciado',)
11:46:58 - INF - post - ('servicio de Login Ejecutando',)
11:46:58 - INF - login - (0,)
11:48:42 - INF - <module> - ('Servicio Finalizado',)
11:48:43 - INF - <module> - ('Servicio Iniciado',)
11:48:46 - INF - post - ('servicio de Login Ejecutando',)
11:48:52 - INF - post - ('servicio de Login Ejecutando',)
11:49:26 - INF - <module> - ('Servicio Finalizado',)
11:49:27 - INF - <module> - ('Servicio Iniciado',)
11:52:30 - INF - <module> - ('Servicio Finalizado',)
11:52:30 - INF - <module> - ('Servicio Iniciado',)
11:52:46 - INF - post - ('servicio de Login Ejecutando',)
11:53:15 - INF - <module> - ('Servicio Finalizado',)
11:53:16 - INF - <module> - ('Servicio Iniciado',)
11:53:22 - INF - post - ('servicio de Login Ejecutando',)
11:54:35 - INF - <module> - ('Servicio Finalizado',)
11:54:36 - INF - <module> - ('Servicio Iniciado',)
11:54:40 - INF - post - ('servicio de Login Ejecutando',)
11:54:44 - INF - post - ('servicio de Login Ejecutando',)
11:54:44 - INF - login - (0,)
11:54:44 - INF - login - ('Entre :D',)
11:56:50 - INF - <module> - ('Servicio Finalizado',)
11:56:51 - INF - <module> - ('Servicio Iniciado',)
11:57:20 - INF - <module> - ('Servicio Finalizado',)
11:57:21 - INF - <module> - ('Servicio Iniciado',)
11:59:16 - INF - post - ('servicio de Login Ejecutando',)
11:59:16 - INF - login - ('Error al ejecutar Login: Sin resultados',)
12:00:13 - INF - post - ('servicio de Login Ejecutando',)
12:00:13 - INF - login - ('Error al ejecutar Login: Sin resultados',)
12:00:43 - INF - post - ('servicio de Login Ejecutando',)
12:00:43 - INF - login - (1,)
12:01:38 - INF - post - ('servicio de Login Ejecutando',)
12:01:38 - INF - login - (1,)
12:04:50 - INF - post - ('servicio de Login Ejecutando',)
12:04:50 - INF - login - (1,)
12:06:49 - INF - <module> - ('Servicio Finalizado',)
12:06:50 - INF - <module> - ('Servicio Iniciado',)
12:07:08 - INF - post - ('servicio de Login Ejecutando',)
12:07:09 - INF - login - (1,)
12:08:20 - INF - <module> - ('Servicio Finalizado',)
12:08:21 - INF - <module> - ('Servicio Finalizado',)
18:19:52 - INF - <module> - ('Servicio Iniciado',)
18:19:53 - INF - <module> - ('Servicio Iniciado',)
18:20:54 - INF - post - ('servicio de Login Ejecutando',)
18:20:55 - INF - login - (1,)
