00:02:31 - INF - post - ('servicio de Login Ejecutando',)
00:02:37 - INF - post - ('servicio de Login Ejecutando',)
00:49:12 - INF - post - ('servicio de Login Ejecutando',)
01:08:34 - INF - post - ('servicio de Login Ejecutando',)
01:57:14 - INF - post - ('servicio de Login Ejecutando',)
02:01:45 - INF - <module> - ('Servicio Finalizado',)
02:01:46 - INF - <module> - ('Servicio Iniciado',)
02:03:00 - INF - <module> - ('Servicio Finalizado',)
02:03:00 - INF - <module> - ('Servicio Finalizado',)
02:03:03 - INF - <module> - ('Servicio Iniciado',)
02:03:04 - INF - <module> - ('Servicio Iniciado',)
02:03:13 - INF - post - ('servicio de Login Ejecutando',)
02:03:24 - INF - post - ('servicio de Login Ejecutando',)
02:03:24 - INF - login - ("Error al ejecutar Login ->error de sintaxis en o cerca de «RETURN»\nLINE 1: ...m' AND u_password = 'nuevacon' AND u_state = true RETURN BY ...\n                                                             ^\n",)
02:04:02 - INF - <module> - ('Servicio Finalizado',)
02:04:02 - INF - <module> - ('Servicio Iniciado',)
02:04:10 - INF - post - ('servicio de Login Ejecutando',)
02:06:15 - INF - post - ('servicio de Login Ejecutando',)
02:34:35 - INF - <module> - ('Servicio Iniciado',)
02:34:36 - INF - <module> - ('Servicio Iniciado',)
02:42:44 - INF - post - ('servicio de Login Ejecutando',)
02:42:58 - INF - post - ('Servicio de Reset Password Ejecutando',)
02:43:11 - INF - post - ('servicio de Login Ejecutando',)
03:17:32 - INF - post - ('servicio de Login Ejecutando',)
03:17:32 - INF - post - ("Error al validar el request ->{'login_user': ['Missing data for required field.'], 'login_password': ['Missing data for required field.'], 'password': ['Unknown field.'], 'username': ['Unknown field.']}",)
03:23:59 - INF - <module> - ('Servicio Finalizado',)
03:24:00 - INF - <module> - ('Servicio Finalizado',)
03:26:27 - INF - <module> - ('Servicio Iniciado',)
03:26:28 - INF - <module> - ('Servicio Iniciado',)
03:27:51 - INF - post - ('servicio de Login Ejecutando',)
03:27:51 - INF - post - ("Error al validar el request ->{'login_password': ['Missing data for required field.'], 'login_user': ['Missing data for required field.'], 'username': ['Unknown field.'], 'password': ['Unknown field.']}",)
03:28:56 - INF - post - ('servicio de Login Ejecutando',)
03:28:56 - INF - post - ("Error al validar el request ->{'login_password': ['Missing data for required field.'], 'login_user': ['Missing data for required field.'], 'username': ['Unknown field.'], 'password': ['Unknown field.']}",)
03:30:44 - INF - post - ('servicio de Login Ejecutando',)
03:30:44 - INF - post - ("Error al validar el request ->{'login_password': ['Missing data for required field.'], 'login_user': ['Missing data for required field.'], 'username': ['Unknown field.'], 'password': ['Unknown field.']}",)
03:32:31 - INF - post - ('servicio de Login Ejecutando',)
03:38:53 - INF - post - ('servicio de Login Ejecutando',)
03:38:57 - INF - post - ('servicio de Login Ejecutando',)
03:38:58 - INF - post - ('servicio de Login Ejecutando',)
03:38:58 - INF - post - ('servicio de Login Ejecutando',)
03:47:53 - INF - post - ('servicio de Login Ejecutando',)
03:53:15 - INF - post - ('servicio de Login Ejecutando',)
03:53:16 - INF - post - ('servicio de Login Ejecutando',)
03:57:44 - INF - post - ('servicio de Login Ejecutando',)
03:58:46 - INF - post - ('servicio de Login Ejecutando',)
04:06:26 - INF - post - ('servicio de Login Ejecutando',)
04:07:35 - INF - post - ('servicio de Login Ejecutando',)
04:07:42 - INF - post - ('servicio de Login Ejecutando',)
04:08:22 - INF - post - ('servicio de Login Ejecutando',)
04:13:48 - INF - post - ('servicio de Login Ejecutando',)
04:31:52 - INF - post - ('servicio de Login Ejecutando',)
04:51:20 - INF - post - ('servicio de Login Ejecutando',)
04:52:57 - INF - post - ('servicio de Login Ejecutando',)
04:56:38 - INF - post - ('servicio de Login Ejecutando',)
05:00:55 - INF - post - ('servicio de Login Ejecutando',)
05:03:53 - INF - post - ('servicio de Login Ejecutando',)
08:16:12 - INF - <module> - ('Servicio Iniciado',)
08:16:12 - INF - <module> - ('Servicio Iniciado',)
08:39:32 - INF - post - ('servicio de Login Ejecutando',)
08:40:38 - INF - post - ('servicio de Login Ejecutando',)
08:41:20 - INF - post - ('servicio de Login Ejecutando',)
08:47:29 - INF - <module> - ('Servicio Finalizado',)
08:47:29 - INF - <module> - ('Servicio Finalizado',)
08:50:34 - INF - <module> - ('Servicio Iniciado',)
08:50:35 - INF - <module> - ('Servicio Iniciado',)
08:52:43 - INF - post - ('servicio de Login Ejecutando',)
08:53:57 - INF - <module> - ('Servicio Finalizado',)
08:53:57 - INF - <module> - ('Servicio Finalizado',)
