13:48:01 - INF - <module> - ('Servicio Iniciado',)
13:48:02 - INF - <module> - ('Servicio Iniciado',)
14:32:15 - INF - <module> - ('Servicio Finalizado',)
14:32:16 - INF - <module> - ('Servicio Iniciado',)
14:32:44 - INF - <module> - ('Servicio Finalizado',)
14:32:45 - INF - <module> - ('Servicio Iniciado',)
16:49:19 - INF - <module> - ('Servicio Finalizado',)
16:49:20 - INF - <module> - ('Servicio Iniciado',)
16:51:22 - INF - <module> - ('Servicio Finalizado',)
16:51:23 - INF - <module> - ('Servicio Iniciado',)
16:53:59 - INF - <module> - ('Servicio Finalizado',)
16:54:00 - INF - <module> - ('Servicio Iniciado',)
16:55:59 - INF - <module> - ('Servicio Finalizado',)
16:56:00 - INF - <module> - ('Servicio Iniciado',)
17:00:09 - INF - <module> - ('Servicio Finalizado',)
17:00:10 - INF - <module> - ('Servicio Iniciado',)
17:01:36 - INF - <module> - ('Servicio Finalizado',)
17:01:38 - INF - <module> - ('Servicio Iniciado',)
17:02:22 - INF - <module> - ('Servicio Finalizado',)
17:02:23 - INF - <module> - ('Servicio Iniciado',)
17:03:22 - INF - <module> - ('Servicio Finalizado',)
17:03:23 - INF - <module> - ('Servicio Iniciado',)
17:04:43 - INF - <module> - ('Servicio Finalizado',)
17:04:44 - INF - <module> - ('Servicio Iniciado',)
17:07:26 - INF - <module> - ('Servicio Finalizado',)
17:07:27 - INF - <module> - ('Servicio Iniciado',)
17:09:55 - INF - <module> - ('Servicio Finalizado',)
17:09:56 - INF - <module> - ('Servicio Iniciado',)
17:10:11 - INF - <module> - ('Servicio Finalizado',)
17:10:12 - INF - <module> - ('Servicio Iniciado',)
17:15:30 - INF - <module> - ('Servicio Finalizado',)
17:15:31 - INF - <module> - ('Servicio Iniciado',)
17:16:48 - INF - <module> - ('Servicio Finalizado',)
17:16:49 - INF - <module> - ('Servicio Iniciado',)
17:27:15 - INF - <module> - ('Servicio Finalizado',)
17:27:16 - INF - <module> - ('Servicio Iniciado',)
17:29:29 - INF - <module> - ('Servicio Finalizado',)
17:29:30 - INF - <module> - ('Servicio Iniciado',)
17:35:42 - INF - <module> - ('Servicio Finalizado',)
17:35:43 - INF - <module> - ('Servicio Iniciado',)
17:36:09 - INF - <module> - ('Servicio Finalizado',)
17:36:10 - INF - <module> - ('Servicio Iniciado',)
17:39:38 - INF - <module> - ('Servicio Finalizado',)
17:39:38 - INF - <module> - ('Servicio Iniciado',)
17:45:13 - INF - <module> - ('Servicio Finalizado',)
17:45:14 - INF - <module> - ('Servicio Iniciado',)
17:45:44 - INF - <module> - ('Servicio Finalizado',)
17:45:45 - INF - <module> - ('Servicio Iniciado',)
17:46:38 - INF - <module> - ('Servicio Finalizado',)
17:46:39 - INF - <module> - ('Servicio Iniciado',)
17:50:47 - INF - <module> - ('Servicio Finalizado',)
17:50:48 - INF - <module> - ('Servicio Iniciado',)
18:48:36 - INF - <module> - ('Servicio Finalizado',)
18:48:37 - INF - <module> - ('Servicio Iniciado',)
18:49:13 - INF - <module> - ('Servicio Finalizado',)
18:49:13 - INF - <module> - ('Servicio Iniciado',)
18:53:14 - INF - <module> - ('Servicio Finalizado',)
18:53:14 - INF - <module> - ('Servicio Iniciado',)
18:53:23 - INF - post - ('servicio de Login Ejecutando',)
18:53:23 - INF - login - ('Error al ejecutar Login: Sin resultados',)
18:58:10 - INF - post - ('servicio de Login Ejecutando',)
18:58:10 - INF - login - (1,)
18:59:36 - INF - <module> - ('Servicio Finalizado',)
18:59:37 - INF - <module> - ('Servicio Finalizado',)
19:07:56 - INF - <module> - ('Servicio Iniciado',)
19:07:57 - INF - <module> - ('Servicio Iniciado',)
19:08:05 - INF - post - ('servicio de Login Ejecutando',)
19:08:05 - INF - login - ("Login result: {'result': False, 'data': {}, 'message': 'Sin resultados', 'status_code': 400}",)
19:08:05 - INF - login - ('Error al ejecutar Login: Sin resultados',)
19:08:07 - INF - post - ('servicio de Login Ejecutando',)
19:08:07 - INF - login - ("Login result: {'result': False, 'data': {}, 'message': 'Sin resultados', 'status_code': 400}",)
19:08:07 - INF - login - ('Error al ejecutar Login: Sin resultados',)
19:08:12 - INF - post - ('servicio de Login Ejecutando',)
19:08:12 - INF - login - ("Login result: {'result': False, 'data': {}, 'message': 'Sin resultados', 'status_code': 400}",)
19:08:12 - INF - login - ('Error al ejecutar Login: Sin resultados',)
19:08:37 - INF - post - ('servicio de Login Ejecutando',)
19:08:37 - INF - login - ("Login result: {'result': False, 'data': {}, 'message': 'Sin resultados', 'status_code': 400}",)
19:08:37 - INF - login - ('Error al ejecutar Login: Sin resultados',)
19:09:30 - INF - post - ('servicio de Login Ejecutando',)
19:09:31 - INF - login - ("Login result: {'result': True, 'data': RealDictRow({'u_id': 4, 'valor': 1}), 'message': 'Exitoso', 'status_code': 200}",)
19:42:36 - INF - <module> - ('Servicio Finalizado',)
19:42:38 - INF - <module> - ('Servicio Iniciado',)
19:42:52 - INF - post - ('servicio de Login Ejecutando',)
19:42:52 - INF - login - ('Error al ejecutar Login ->Sin resultados',)
19:44:54 - INF - post - ('servicio de Login Ejecutando',)
19:44:54 - INF - login - ('Error al ejecutar Login ->Sin resultados',)
19:44:58 - INF - post - ('servicio de Login Ejecutando',)
19:44:58 - INF - login - ('Error al ejecutar Login ->Sin resultados',)
19:47:12 - INF - <module> - ('Servicio Finalizado',)
19:47:13 - INF - <module> - ('Servicio Iniciado',)
19:47:15 - INF - post - ('servicio de Login Ejecutando',)
19:47:15 - INF - login - ('Error al ejecutar Login ->Sin resultados',)
19:47:18 - INF - post - ('servicio de Login Ejecutando',)
19:47:18 - INF - login - ('Error al ejecutar Login ->Sin resultados',)
19:56:00 - INF - <module> - ('Servicio Finalizado',)
19:56:01 - INF - <module> - ('Servicio Iniciado',)
19:56:05 - INF - post - ('servicio de Login Ejecutando',)
19:56:05 - INF - login - ("Login result: {'result': True, 'data': RealDictRow({'u_id': 4, 'valor': 1}), 'message': 'Exitoso', 'status_code': 200}",)
19:56:22 - INF - post - ('servicio de Login Ejecutando',)
19:56:22 - INF - login - ("Login result: {'result': False, 'data': {}, 'message': 'Sin resultados', 'status_code': 400}",)
19:56:22 - INF - login - ('Error al ejecutar Login: Sin resultados',)
19:56:24 - INF - post - ('servicio de Login Ejecutando',)
19:56:24 - INF - login - ("Login result: {'result': False, 'data': {}, 'message': 'Sin resultados', 'status_code': 400}",)
19:56:24 - INF - login - ('Error al ejecutar Login: Sin resultados',)
19:56:29 - INF - post - ('servicio de Login Ejecutando',)
19:56:29 - INF - login - ("Login result: {'result': False, 'data': {}, 'message': 'Sin resultados', 'status_code': 400}",)
19:56:29 - INF - login - ('Error al ejecutar Login: Sin resultados',)
19:56:33 - INF - post - ('servicio de Login Ejecutando',)
19:56:33 - INF - login - ("Login result: {'result': True, 'data': RealDictRow({'u_id': 4, 'valor': 1}), 'message': 'Exitoso', 'status_code': 200}",)
20:04:58 - INF - <module> - ('Servicio Finalizado',)
20:04:59 - INF - <module> - ('Servicio Iniciado',)
20:05:08 - INF - <module> - ('Servicio Finalizado',)
20:05:08 - INF - <module> - ('Servicio Iniciado',)
20:06:23 - INF - <module> - ('Servicio Finalizado',)
20:06:24 - INF - <module> - ('Servicio Iniciado',)
20:08:21 - INF - <module> - ('Servicio Finalizado',)
20:08:22 - INF - <module> - ('Servicio Iniciado',)
20:16:20 - INF - <module> - ('Servicio Finalizado',)
20:16:21 - INF - <module> - ('Servicio Iniciado',)
20:16:47 - INF - <module> - ('Servicio Finalizado',)
20:16:48 - INF - <module> - ('Servicio Iniciado',)
20:17:24 - INF - <module> - ('Servicio Finalizado',)
20:17:25 - INF - <module> - ('Servicio Iniciado',)
20:18:32 - INF - <module> - ('Servicio Finalizado',)
20:18:33 - INF - <module> - ('Servicio Iniciado',)
21:04:23 - INF - <module> - ('Servicio Finalizado',)
21:04:25 - INF - <module> - ('Servicio Iniciado',)
