10:02:12 - ERR - ExecuteNonQuery - (InvalidTextRepresentation("la sintaxis de entrada no es válida para tipo integer: «Don Ramon»\nLINE 2:                         VALUES ('Don Ramon','luismoreno')\n                                        ^\n"),)
10:04:17 - ERR - ExecuteNonQuery - (InsufficientPrivilege('permiso denegado a la tabla tb_chat\n'),)
10:04:32 - ERR - ExecuteNonQuery - (InsufficientPrivilege('permiso denegado a la tabla tb_chat\n'),)
10:12:39 - ERR - getRecords - (UndefinedColumn('no existe la columna «sender_user»\nLINE 2:             SELECT sender_user, message_content, \n                           ^\n'),)
10:12:39 - ERR - get_user_chat - (TypeError("'dict' object is not callable"),)
10:14:34 - ERR - getRecords - (UndefinedColumn('no existe la columna «sender_user»\nLINE 2:             SELECT sender_user, message_content, \n                           ^\n'),)
10:14:34 - ERR - get_user_chat - (TypeError("'dict' object is not callable"),)
10:18:20 - ERR - getRecords - (UndefinedColumn('no existe la columna «sender_user»\nLINE 2:             SELECT sender_user, message_content, \n                           ^\n'),)
10:33:21 - ERR - ExecuteNonQuery - (UndefinedColumn('no existe la columna «sender_user» en la relación «tb_message»\nLINE 1:  INSERT INTO public.tb_message (chat_id, sender_user, messag...\n                                                 ^\n'),)
10:43:08 - ERR - ExecuteNonQuery - (UndefinedColumn('no existe la columna «sender_user» en la relación «tb_message»\nLINE 1:  INSERT INTO public.tb_message (chat_id, sender_user, messag...\n                                                 ^\n'),)
10:43:10 - ERR - ExecuteNonQuery - (UndefinedColumn('no existe la columna «sender_user» en la relación «tb_message»\nLINE 1:  INSERT INTO public.tb_message (chat_id, sender_user, messag...\n                                                 ^\n'),)
10:43:13 - ERR - ExecuteNonQuery - (UndefinedColumn('no existe la columna «sender_user» en la relación «tb_message»\nLINE 1:  INSERT INTO public.tb_message (chat_id, sender_user, messag...\n                                                 ^\n'),)
10:43:15 - ERR - ExecuteNonQuery - (UndefinedColumn('no existe la columna «sender_user» en la relación «tb_message»\nLINE 1:  INSERT INTO public.tb_message (chat_id, sender_user, messag...\n                                                 ^\n'),)
10:43:17 - ERR - ExecuteNonQuery - (UndefinedColumn('no existe la columna «sender_user» en la relación «tb_message»\nLINE 1:  INSERT INTO public.tb_message (chat_id, sender_user, messag...\n                                                 ^\n'),)
10:46:34 - ERR - delete - (<BadRequest '400: Bad Request'>,)
11:27:29 - ERR - delete - (<BadRequest '400: Bad Request'>,)
11:33:27 - ERR - token_Validate - (ExpiredSignatureError('Signature has expired'),)
15:36:26 - ERR - getRecords - (InsufficientPrivilege('permiso denegado a la tabla tb_chat\n'),)
15:36:26 - ERR - getRecords - (InsufficientPrivilege('permiso denegado a la tabla tb_chat\n'),)
15:36:26 - ERR - getRecords - (InsufficientPrivilege('permiso denegado a la tabla tb_chat\n'),)
15:36:27 - ERR - getRecords - (InsufficientPrivilege('permiso denegado a la tabla tb_chat\n'),)
15:36:46 - ERR - getRecords - (InsufficientPrivilege('permiso denegado a la tabla tb_chat\n'),)
15:36:46 - ERR - getRecords - (InsufficientPrivilege('permiso denegado a la tabla tb_chat\n'),)
15:36:46 - ERR - getRecords - (InsufficientPrivilege('permiso denegado a la tabla tb_chat\n'),)
15:36:47 - ERR - getRecords - (InsufficientPrivilege('permiso denegado a la tabla tb_chat\n'),)
15:36:53 - ERR - getRecords - (InsufficientPrivilege('permiso denegado a la tabla tb_chat\n'),)
15:37:50 - ERR - ExecuteNonQuery - (InsufficientPrivilege('permiso denegado a la tabla tb_chat\n'),)
15:37:53 - ERR - ExecuteNonQuery - (InsufficientPrivilege('permiso denegado a la tabla tb_chat\n'),)
17:27:36 - ERR - getRecords - (ValueError("unsupported format character ' ' (0x20) at index 128"),)
18:00:08 - ERR - get - (<BadRequest '400: Bad Request'>,)
18:00:28 - ERR - get - (<BadRequest '400: Bad Request'>,)
18:02:01 - ERR - get - (<BadRequest '400: Bad Request'>,)
18:02:26 - ERR - get - (<BadRequest '400: Bad Request'>,)
18:02:51 - ERR - get - (<BadRequest '400: Bad Request'>,)
18:19:34 - ERR - get - (<BadRequest '400: Bad Request'>,)
18:21:34 - ERR - get - (<BadRequest '400: Bad Request'>,)
18:21:34 - ERR - get - (<BadRequest '400: Bad Request'>,)
18:27:24 - ERR - get - (<BadRequest '400: Bad Request'>,)
18:27:30 - ERR - get - (<BadRequest '400: Bad Request'>,)
18:31:55 - ERR - get - (<BadRequest '400: Bad Request'>,)
18:32:32 - ERR - get - (<BadRequest '400: Bad Request'>,)
18:32:49 - ERR - get - (<BadRequest '400: Bad Request'>,)
18:38:20 - ERR - get - (<BadRequest '400: Bad Request'>,)
18:40:03 - ERR - get - (<BadRequest '400: Bad Request'>,)
18:40:22 - ERR - get - (<BadRequest '400: Bad Request'>,)
19:09:34 - ERR - get - (<BadRequest '400: Bad Request'>,)
20:00:23 - ERR - get - (<BadRequest '400: Bad Request'>,)
