11:07:33 - ERR - ExecuteNonQuery - (ForeignKeyViolation('inserción o actualización en la tabla «tb_message» viola la llave foránea «tb_message_sender_user_fkey»\nDETAIL:  La llave (sender_user)=(jan) no está presente en la tabla «tb_user».\n'),)
11:50:53 - ERR - create_message - (TypeError("'int' object is not subscriptable"),)
13:15:26 - ERR - token_Validate - (ExpiredSignatureError('Signature has expired'),)
14:15:21 - ERR - getRecords - (SyntaxError('error de sintaxis en o cerca de «%»\nLINE 12:                 c.user_1 = %s\n                                    ^\n'),)
14:18:03 - ERR - getRecords - (SyntaxError('error de sintaxis en o cerca de «%»\nLINE 12:                 c.user_1 = %s\n                                    ^\n'),)
14:21:06 - ERR - getRecords - (SyntaxError('error de sintaxis en o cerca de «%»\nLINE 12:                 c.user_1 = %s\n                                    ^\n'),)
14:23:08 - ERR - getRecords - (SyntaxError('error de sintaxis en o cerca de «%»\nLINE 12:                 c.user_1 = %s\n                                    ^\n'),)
14:26:07 - ERR - getRecords - (SyntaxError('error de sintaxis en o cerca de «%»\nLINE 12:                 c.user_1 = %s\n                                    ^\n'),)
14:34:02 - ERR - getRecords - (SyntaxError('error de sintaxis en o cerca de «%»\nLINE 13:                 c.user_1 = %s\n                                    ^\n'),)
14:35:22 - ERR - getRecords - (IndexError('tuple index out of range'),)
14:35:40 - ERR - getRecords - (IndexError('tuple index out of range'),)
14:39:01 - ERR - getRecords - (IndexError('tuple index out of range'),)
14:40:16 - ERR - getRecords - (IndexError('tuple index out of range'),)
15:07:43 - ERR - getRecords - (UndefinedFunction('no existe la función to_char(text, unknown)\nLINE 28:                 TO_CHAR(lm.message_timestamp, \'YYYY-MM-DD"T"...\n                         ^\nHINT:  Ninguna función coincide en el nombre y tipos de argumentos. Puede ser necesario agregar conversión explícita de tipos.\n'),)
15:08:44 - ERR - getRecords - (UndefinedFunction('no existe la función to_char(text, unknown)\nLINE 28:                 TO_CHAR(lm.message_timestamp, \'YYYY-MM-DD"T"...\n                         ^\nHINT:  Ninguna función coincide en el nombre y tipos de argumentos. Puede ser necesario agregar conversión explícita de tipos.\n'),)
15:10:03 - ERR - getRecords - (UndefinedColumn('no existe la columna «formatted_message_timestamp»\nLINE 14:                             MAX(formatted_message_timestamp)...\n                                         ^\n'),)
15:10:41 - ERR - getRecords - (SyntaxError('error de sintaxis en o cerca de «AS»\nLINE 11: ...(message_timestamp, \'YYYY-MM-DD"T"HH24:MI:SS"Z"\') AS formatt...\n                                                              ^\n'),)
15:14:14 - ERR - get_user_chats_list - (NameError("name 'convert_datetime' is not defined"),)
15:19:51 - ERR - getRecords - (ValueError("unsupported format character '\n' (0xa) at index 463"),)
15:26:23 - ERR - ExecuteNonQuery - (ForeignKeyViolation('inserción o actualización en la tabla «tb_chat» viola la llave foránea «tb_chat_user_2_fkey»\nDETAIL:  La llave (user_2)=(luis) no está presente en la tabla «tb_user».\n'),)
15:28:54 - ERR - ExecuteNonQuery - (IndexError('tuple index out of range'),)
15:29:35 - ERR - ExecuteNonQuery - (IndexError('tuple index out of range'),)
15:31:18 - ERR - ExecuteNonQuery - (IndexError('tuple index out of range'),)
15:38:13 - ERR - getRecords - (SyntaxError('error de sintaxis en o cerca de «%»\nLINE 4:                     WHERE (user_1 = %s AND user_2 = %s) OR (...\n                                            ^\n'),)
15:38:27 - ERR - getRecords - (SyntaxError('error de sintaxis en o cerca de «%»\nLINE 4:                     WHERE (user_1 = %s AND user_2 = %s) OR (...\n                                            ^\n'),)
15:39:04 - ERR - getRecords - (SyntaxError('error de sintaxis en o cerca de «%»\nLINE 4:                     WHERE (user_1 = %s AND user_2 = %s) OR (...\n                                            ^\n'),)
15:41:13 - ERR - getRecords - (SyntaxError('error de sintaxis en o cerca de «%»\nLINE 4:                     WHERE (user_1 = %s AND user_2 = %s) OR (...\n                                            ^\n'),)
15:42:04 - ERR - getRecords - (SyntaxError('error de sintaxis en o cerca de «%»\nLINE 4:                     WHERE (user_1 = %s AND user_2 = %s) OR (...\n                                            ^\n'),)
15:56:38 - ERR - get - (AttributeError("'NoneType' object has no attribute 'get'"),)
15:59:53 - ERR - get - (AttributeError("'NoneType' object has no attribute 'get'"),)
16:04:47 - ERR - get - (AttributeError("'NoneType' object has no attribute 'get'"),)
16:08:21 - ERR - get - (AttributeError("'list' object has no attribute 'get'"),)
16:17:52 - ERR - get - (AttributeError("'list' object has no attribute 'get'"),)
16:18:02 - ERR - get - (AttributeError("'list' object has no attribute 'get'"),)
16:23:25 - ERR - get - (KeyError(0),)
16:25:16 - ERR - get - (KeyError(0),)
16:25:55 - ERR - get - (KeyError(0),)
