00:06:48 - INF - <module> - ('Servicio Finalizado',)
00:06:49 - INF - <module> - ('Servicio Finalizado',)
02:34:35 - INF - <module> - ('Servicio Iniciado',)
02:34:36 - INF - <module> - ('Servicio Iniciado',)
02:55:07 - INF - post - ('Servicio de Creación de Chat ejecutando',)
02:56:42 - INF - post - ('Servicio de Creación de Mensaje ejecutando',)
02:56:42 - INF - create_message - ('Token generado para gly0: eyJhbGciOiJIUzI1NiIsInR5cCI6IkpXVCJ9.eyJpbnQiOjE3Mzc0NDYyMDIuMjA5MDYzLCJleHAiOjE3Mzc0NDcxMDIuMjA5MDYzLCJ1c2VybmFtZSI6ImdseTAifQ.W3QqhgNC2f04Jwjm_DRtqHEa03iH5sg3rfM_YXNYMr0',)
02:57:41 - INF - get - ('servicio de consulta Ejecutando',)
02:57:41 - INF - get_user_chats_list - ('Consulta SQL: \n            SELECT DISTINCT ON (c.chat_id) \n                c.chat_id,\n                c.user_2,\n                c.user_1,\n                m.message_content,\n                TO_CHAR(m.message_timestamp, \'YYYY-MM-DD"T"HH24:MI:SS"Z"\') AS formatted_message_timestamp\n            FROM \n                public.tb_chat c\n            LEFT JOIN \n                public.tb_message m ON c.chat_id = m.chat_id\n            WHERE \n                c.user_1 = %s OR c.user_2 = %s\n            AND \n                c.chat_id IN (\n                    SELECT chat_id \n                    FROM public.tb_message \n                    WHERE sender_user = %s\n                )\n            ORDER BY \n                c.chat_id, \n                m.message_timestamp DESC;\n            , Parametros: (\'gly0\', \'gly0\', \'gly0\')',)
08:16:04 - INF - <module> - ('Servicio Iniciado',)
08:16:05 - INF - <module> - ('Servicio Iniciado',)
08:41:08 - INF - <module> - ('Servicio Finalizado',)
08:41:08 - INF - <module> - ('Servicio Finalizado',)
08:41:09 - INF - <module> - ('Servicio Iniciado',)
08:41:10 - INF - <module> - ('Servicio Iniciado',)
08:47:08 - INF - <module> - ('Servicio Finalizado',)
08:47:08 - INF - <module> - ('Servicio Finalizado',)
08:50:24 - INF - <module> - ('Servicio Iniciado',)
08:50:25 - INF - <module> - ('Servicio Iniciado',)
08:54:02 - INF - <module> - ('Servicio Finalizado',)
08:54:03 - INF - <module> - ('Servicio Finalizado',)
