10:58:03 - INF - <module> - ('Servicio Iniciado',)
10:58:04 - INF - <module> - ('Servicio Iniciado',)
11:00:20 - INF - post - ('Servicio de Creación de Chat ejecutando',)
11:06:56 - INF - post - ('Servicio de Creación de Mensaje ejecutando',)
11:07:33 - INF - post - ('Servicio de Creación de Mensaje ejecutando',)
11:07:33 - INF - create_message - ('Error al generar mensaje ->inserción o actualización en la tabla «tb_message» viola la llave foránea «tb_message_sender_user_fkey»\nDETAIL:  La llave (sender_user)=(jan) no está presente en la tabla «tb_user».\n',)
11:07:39 - INF - post - ('Servicio de Creación de Mensaje ejecutando',)
11:07:55 - INF - post - ('Servicio de Creación de Mensaje ejecutando',)
11:17:32 - INF - <module> - ('Servicio Finalizado',)
11:17:32 - INF - <module> - ('Servicio Finalizado',)
11:50:47 - INF - <module> - ('Servicio Iniciado',)
11:50:47 - INF - <module> - ('Servicio Iniciado',)
11:50:51 - INF - post - ('Servicio de Creación de Mensaje ejecutando',)
11:54:42 - INF - <module> - ('Servicio Finalizado',)
11:54:42 - INF - <module> - ('Servicio Iniciado',)
11:54:44 - INF - post - ('Servicio de Creación de Mensaje ejecutando',)
11:57:58 - INF - <module> - ('Servicio Finalizado',)
11:57:58 - INF - <module> - ('Servicio Iniciado',)
11:59:16 - INF - <module> - ('Servicio Finalizado',)
11:59:17 - INF - <module> - ('Servicio Iniciado',)
11:59:29 - INF - post - ('Servicio de Creación de Mensaje ejecutando',)
11:59:29 - INF - create_message - ('Token generado para jang: eyJhbGciOiJIUzI1NiIsInR5cCI6IkpXVCJ9.eyJpbnQiOjE3MzcxMzMxNjkuODczNjkxLCJleHAiOjE3MzcxMzQwNjkuODczNjkxLCJ1c2VybmFtZSI6ImphbmcifQ.qt9n2doTnXzEjrHMwBOg0WT9fJdEQL60FKXSyUQmMxk',)
12:09:25 - INF - <module> - ('Servicio Finalizado',)
12:09:26 - INF - <module> - ('Servicio Iniciado',)
12:09:54 - INF - <module> - ('Servicio Finalizado',)
12:09:55 - INF - <module> - ('Servicio Iniciado',)
12:10:04 - INF - post - ('Servicio de Creación de Mensaje ejecutando',)
12:10:04 - INF - create_message - ('Token generado para jang: eyJhbGciOiJIUzI1NiIsInR5cCI6IkpXVCJ9.eyJpbnQiOjE3MzcxMzM4MDQuMTQ1NzI5LCJleHAiOjE3MzcxMzQ3MDQuMTQ1NzI5LCJ1c2VybmFtZSI6ImphbmcifQ.4818wBqM5QiYXCQ42dJNQWQMeSV4yEGI0xbHxbpa74w',)
12:10:52 - INF - <module> - ('Servicio Finalizado',)
12:10:52 - INF - <module> - ('Servicio Iniciado',)
12:11:00 - INF - post - ('Servicio de Creación de Mensaje ejecutando',)
12:11:00 - INF - create_message - ('Token generado para gly0: eyJhbGciOiJIUzI1NiIsInR5cCI6IkpXVCJ9.eyJpbnQiOjE3MzcxMzM4NjAuMTc3ODQzLCJleHAiOjE3MzcxMzQ3NjAuMTc3ODQzLCJ1c2VybmFtZSI6ImdseTAifQ.3Kay4MYmNNMOyS52EHNj9DqxqaHWdqpSVZJeTxFUuzk',)
12:11:24 - INF - post - ('Servicio de Creación de Mensaje ejecutando',)
12:11:24 - INF - create_message - ('Token generado para gly0: eyJhbGciOiJIUzI1NiIsInR5cCI6IkpXVCJ9.eyJpbnQiOjE3MzcxMzM4ODQuMTg3OTQxLCJleHAiOjE3MzcxMzQ3ODQuMTg3OTQxLCJ1c2VybmFtZSI6ImdseTAifQ.sDv7E_HS3GpgFCtdMffYFy-vNXOURf0gq-ifTqHYL2Y',)
12:15:58 - INF - <module> - ('Servicio Finalizado',)
12:15:58 - INF - <module> - ('Servicio Iniciado',)
12:16:04 - INF - delete - ('Servicio de Eliminación de Mensaje ejecutando para message_id 10',)
12:16:04 - INF - delete_message - ('Mensaje 10 eliminado por el usuario gly0',)
12:17:20 - INF - <module> - ('Servicio Finalizado',)
12:17:20 - INF - <module> - ('Servicio Iniciado',)
12:17:26 - INF - delete - ('Servicio de Eliminación de Mensaje ejecutando para message_id 10',)
12:17:27 - INF - delete_message - ('Mensaje 10 eliminado por el usuario gly0',)
13:15:26 - INF - delete - ('Servicio de Eliminación de Mensaje ejecutando para message_id 10',)
13:15:26 - INF - token_Validate - ('Ocurrio un error al generar el token para el usuarioeyJhbGciOiJIUzI1NiIsInR5cCI6IkpXVCJ9.eyJpbnQiOjE3MzcxMzM4ODQuMTg3OTQxLCJleHAiOjE3MzcxMzQ3ODQuMTg3OTQxLCJ1c2VybmFtZSI6ImdseTAifQ.sDv7E_HS3GpgFCtdMffYFy-vNXOURf0gq-ifTqHYL2Y',)
13:15:26 - INF - delete_message - ('Token inválido o expirado para el usuario gly0',)
13:22:42 - INF - <module> - ('Servicio Finalizado',)
13:22:43 - INF - <module> - ('Servicio Finalizado',)
14:13:38 - INF - <module> - ('Servicio Iniciado',)
14:13:38 - INF - <module> - ('Servicio Iniciado',)
14:15:18 - INF - <module> - ('Servicio Finalizado',)
14:15:19 - INF - <module> - ('Servicio Iniciado',)
14:15:21 - INF - get - ('servicio de consulta Ejecutando',)
14:18:03 - INF - get - ('servicio de consulta Ejecutando',)
14:21:04 - INF - <module> - ('Servicio Finalizado',)
14:21:05 - INF - <module> - ('Servicio Iniciado',)
14:21:06 - INF - get - ('servicio de consulta Ejecutando',)
14:22:37 - INF - <module> - ('Servicio Finalizado',)
14:22:37 - INF - <module> - ('Servicio Iniciado',)
14:23:04 - INF - <module> - ('Servicio Finalizado',)
14:23:05 - INF - <module> - ('Servicio Iniciado',)
14:23:08 - INF - get - ('servicio de consulta Ejecutando',)
14:23:08 - INF - get_user_chats_list - ('Ejecutando consulta: \n            SELECT \n                c.chat_id,\n                c.user_2,\n                m.message_content,\n                TO_CHAR(m.message_timestamp, \'YYYY-MM-DD"T"HH24:MI:SS"Z"\') AS formatted_message_timestamp\n            FROM \n                public.tb_chat c\n            LEFT JOIN \n                public.tb_message m ON c.chat_id = m.chat_id\n            WHERE \n                c.user_1 = %s\n            AND \n                c.chat_id IN (\n                    SELECT chat_id \n                    FROM public.tb_message \n                    WHERE sender_user = %s\n                )\n            ORDER BY \n            m.message_timestamp DESC\n             con parámetros: (\'gly0\', \'gly0\')',)
14:24:05 - INF - <module> - ('Servicio Finalizado',)
14:24:05 - INF - <module> - ('Servicio Iniciado',)
14:24:19 - INF - <module> - ('Servicio Finalizado',)
14:24:19 - INF - <module> - ('Servicio Iniciado',)
14:25:56 - INF - <module> - ('Servicio Finalizado',)
14:25:57 - INF - <module> - ('Servicio Iniciado',)
14:26:05 - INF - <module> - ('Servicio Finalizado',)
14:26:06 - INF - <module> - ('Servicio Iniciado',)
14:26:06 - INF - get - ('servicio de consulta Ejecutando',)
14:26:07 - INF - get_user_chats_list - ('Consulta SQL: \n            SELECT \n                c.chat_id,\n                c.user_2,\n                m.message_content,\n                TO_CHAR(m.message_timestamp, \'YYYY-MM-DD"T"HH24:MI:SS"Z"\') AS formatted_message_timestamp\n            FROM \n                public.tb_chat c\n            LEFT JOIN \n                public.tb_message m ON c.chat_id = m.chat_id\n            WHERE \n                c.user_1 = %s\n            AND \n                EXISTS (\n                SELECT 1\n                FROM public.tb_message \n                WHERE sender_user = %s\n                AND public.tb_message.chat_id = c.chat_id\n            )\n            ORDER BY \n            m.message_timestamp DESC\n            , Parámetros: (\'gly0\', \'gly0\')',)
14:26:40 - INF - <module> - ('Servicio Finalizado',)
14:26:40 - INF - <module> - ('Servicio Iniciado',)
14:33:54 - INF - <module> - ('Servicio Finalizado',)
14:33:54 - INF - <module> - ('Servicio Iniciado',)
14:34:02 - INF - get - ('servicio de consulta Ejecutando',)
14:34:53 - INF - <module> - ('Servicio Finalizado',)
14:34:53 - INF - <module> - ('Servicio Iniciado',)
14:35:20 - INF - <module> - ('Servicio Finalizado',)
14:35:21 - INF - <module> - ('Servicio Iniciado',)
14:35:22 - INF - get - ('servicio de consulta Ejecutando',)
14:35:36 - INF - <module> - ('Servicio Finalizado',)
14:35:37 - INF - <module> - ('Servicio Iniciado',)
14:35:40 - INF - get - ('servicio de consulta Ejecutando',)
14:36:07 - INF - <module> - ('Servicio Finalizado',)
14:36:08 - INF - <module> - ('Servicio Iniciado',)
14:38:56 - INF - <module> - ('Servicio Finalizado',)
14:38:57 - INF - <module> - ('Servicio Iniciado',)
14:39:00 - INF - get - ('servicio de consulta Ejecutando',)
14:40:15 - INF - <module> - ('Servicio Finalizado',)
14:40:16 - INF - <module> - ('Servicio Iniciado',)
14:40:16 - INF - get - ('servicio de consulta Ejecutando',)
14:40:16 - INF - get_user_chats_list - ('Consulta SQL: \n            SELECT DISTINCT ON (c.chat_id) \n                c.chat_id,\n                c.user_2,\n                c.user_1,\n                m.message_content,\n                TO_CHAR(m.message_timestamp, \'YYYY-MM-DD"T"HH24:MI:SS"Z"\') AS formatted_message_timestamp\n            FROM \n                public.tb_chat c\n            LEFT JOIN \n                public.tb_message m ON c.chat_id = m.chat_id\n            WHERE \n                c.user_1 = %s\n            AND \n                c.chat_id IN (\n                    SELECT chat_id \n                    FROM public.tb_message \n                    WHERE sender_user = %s\n                )\n            ORDER BY \n                c.chat_id, \n                m.message_timestamp DESC;\n            , Parámetros: (\'gly0\',)',)
14:41:17 - INF - <module> - ('Servicio Finalizado',)
14:41:18 - INF - <module> - ('Servicio Iniciado',)
14:48:40 - INF - <module> - ('Servicio Finalizado',)
14:48:41 - INF - <module> - ('Servicio Iniciado',)
14:50:43 - INF - <module> - ('Servicio Finalizado',)
14:50:44 - INF - <module> - ('Servicio Iniciado',)
14:50:46 - INF - get - ('servicio de consulta Ejecutando',)
14:50:46 - INF - get_user_chats_list - ('Consulta SQL: \n            SELECT DISTINCT ON (c.chat_id) \n                c.chat_id,\n                c.user_2,\n                c.user_1,\n                m.message_content,\n                TO_CHAR(m.message_timestamp, \'YYYY-MM-DD"T"HH24:MI:SS"Z"\') AS formatted_message_timestamp\n            FROM \n                public.tb_chat c\n            LEFT JOIN \n                public.tb_message m ON c.chat_id = m.chat_id\n            WHERE \n                c.user_1 = %s\n            AND \n                c.chat_id IN (\n                    SELECT chat_id \n                    FROM public.tb_message \n                    WHERE sender_user = %s\n                )\n            ORDER BY \n                c.chat_id, \n                m.message_timestamp DESC;\n            , Parametros: (\'gly0\', \'gly0\')',)
14:51:09 - INF - get - ('servicio de consulta Ejecutando',)
14:51:09 - INF - get_user_chats_list - ('Consulta SQL: \n            SELECT DISTINCT ON (c.chat_id) \n                c.chat_id,\n                c.user_2,\n                c.user_1,\n                m.message_content,\n                TO_CHAR(m.message_timestamp, \'YYYY-MM-DD"T"HH24:MI:SS"Z"\') AS formatted_message_timestamp\n            FROM \n                public.tb_chat c\n            LEFT JOIN \n                public.tb_message m ON c.chat_id = m.chat_id\n            WHERE \n                c.user_1 = %s\n            AND \n                c.chat_id IN (\n                    SELECT chat_id \n                    FROM public.tb_message \n                    WHERE sender_user = %s\n                )\n            ORDER BY \n                c.chat_id, \n                m.message_timestamp DESC;\n            , Parametros: (\'jang\', \'jang\')',)
15:03:37 - INF - <module> - ('Servicio Finalizado',)
15:03:38 - INF - <module> - ('Servicio Iniciado',)
15:03:47 - INF - <module> - ('Servicio Finalizado',)
15:03:48 - INF - <module> - ('Servicio Iniciado',)
15:04:14 - INF - <module> - ('Servicio Finalizado',)
15:04:14 - INF - <module> - ('Servicio Iniciado',)
15:04:19 - INF - get - ('servicio de consulta Ejecutando',)
15:04:19 - INF - get_user_chats_list - ("Consulta SQL: \n            WITH last_messages AS (\n                SELECT \n                    chat_id, \n                    sender_user, \n                    message_content, \n                    message_timestamp\n                FROM \n                    public.tb_message\n                WHERE \n                    (chat_id, message_timestamp) IN (\n                        SELECT \n                            chat_id, \n                            MAX(message_timestamp) AS max_timestamp\n                        FROM \n                            public.tb_message\n                        GROUP BY \n                            chat_id\n                    )\n            )\n            SELECT \n                c.chat_id, \n                c.user_1, \n                c.user_2, \n                c.chat_created_at, \n                lm.sender_user, \n                lm.message_content, \n                lm.message_timestamp\n            FROM \n                public.tb_chat c\n            JOIN \n                last_messages lm \n            ON \n                c.chat_id = lm.chat_id\n            WHERE \n                c.user_1 = 'jang' OR c.user_2 = 'jang';\n\n            , Parametros: ('jang', 'jang')",)
15:05:20 - INF - <module> - ('Servicio Finalizado',)
15:05:21 - INF - <module> - ('Servicio Iniciado',)
15:05:23 - INF - get - ('servicio de consulta Ejecutando',)
15:05:23 - INF - get_user_chats_list - ('Consulta SQL: \n            WITH last_messages AS (\n                SELECT \n                    chat_id, \n                    sender_user, \n                    message_content, \n                    TO_CHAR(message_timestamp, \'YYYY-MM-DD"T"HH24:MI:SS"Z"\') AS message_timestamp\n                FROM \n                    public.tb_message\n                WHERE \n                    (chat_id, message_timestamp) IN (\n                        SELECT \n                            chat_id, \n                            MAX(message_timestamp) AS max_timestamp\n                        FROM \n                            public.tb_message\n                        GROUP BY \n                            chat_id\n                    )\n            )\n            SELECT \n                c.chat_id, \n                c.user_1, \n                c.user_2, \n                c.chat_created_at, \n                lm.sender_user, \n                lm.message_content, \n                lm.message_timestamp\n            FROM \n                public.tb_chat c\n            JOIN \n                last_messages lm \n            ON \n                c.chat_id = lm.chat_id\n            WHERE \n                c.user_1 = \'jang\' OR c.user_2 = \'jang\';\n\n            , Parametros: (\'jang\', \'jang\')',)
15:06:10 - INF - <module> - ('Servicio Finalizado',)
15:06:10 - INF - <module> - ('Servicio Iniciado',)
15:06:18 - INF - get - ('servicio de consulta Ejecutando',)
15:06:18 - INF - get_user_chats_list - ('Consulta SQL: \n            WITH last_messages AS (\n                SELECT \n                    chat_id, \n                    sender_user, \n                    message_content, \n                    TO_CHAR(message_timestamp, \'YYYY-MM-DD"T"HH24:MI:SS"Z"\') AS message_timestamp\n                FROM \n                    public.tb_message\n                WHERE \n                    (chat_id, message_timestamp) IN (\n                        SELECT \n                            chat_id, \n                            MAX(message_timestamp) AS max_timestamp\n                        FROM \n                            public.tb_message\n                        GROUP BY \n                            chat_id\n                    )\n            )\n            SELECT \n                c.chat_id, \n                c.user_1, \n                c.user_2, \n                c.chat_created_at, \n                lm.sender_user, \n                lm.message_content, \n                lm.message_timestamp\n            FROM \n                public.tb_chat c\n            JOIN \n                last_messages lm \n            ON \n                c.chat_id = lm.chat_id\n            WHERE \n                c.user_1 = %s OR c.user_2 = %s;\n\n            , Parametros: (\'jang\', \'jang\')',)
15:07:39 - INF - <module> - ('Servicio Finalizado',)
15:07:39 - INF - <module> - ('Servicio Iniciado',)
15:07:43 - INF - get - ('servicio de consulta Ejecutando',)
15:07:43 - INF - get_user_chats_list - ('Consulta SQL: \n            WITH last_messages AS (\n                SELECT \n                    chat_id, \n                    sender_user, \n                    message_content, \n                    TO_CHAR(message_timestamp, \'YYYY-MM-DD"T"HH24:MI:SS"Z"\') AS message_timestamp\n                FROM \n                    public.tb_message\n                WHERE \n                    (chat_id, message_timestamp) IN (\n                        SELECT \n                            chat_id, \n                            MAX(message_timestamp) AS max_timestamp\n                        FROM \n                            public.tb_message\n                        GROUP BY \n                            chat_id\n                    )\n            )\n            SELECT \n                c.chat_id, \n                c.user_1, \n                c.user_2, \n                c.chat_created_at, \n                lm.sender_user, \n                lm.message_content, \n                TO_CHAR(lm.message_timestamp, \'YYYY-MM-DD"T"HH24:MI:SS"Z"\') AS formatted_message_timestamp\n            FROM \n                public.tb_chat c\n            JOIN \n                last_messages lm \n            ON \n                c.chat_id = lm.chat_id\n            WHERE \n                c.user_1 = %s OR c.user_2 = %s\n\n            , Parametros: (\'jang\', \'jang\')',)
15:08:42 - INF - <module> - ('Servicio Finalizado',)
15:08:43 - INF - <module> - ('Servicio Iniciado',)
15:08:44 - INF - get - ('servicio de consulta Ejecutando',)
15:08:44 - INF - get_user_chats_list - ('Consulta SQL: \n            WITH last_messages AS (\n                SELECT \n                    chat_id, \n                    sender_user, \n                    message_content, \n                    TO_CHAR(message_timestamp, \'YYYY-MM-DD"T"HH24:MI:SS"Z"\') AS message_timestamp\n                FROM \n                    public.tb_message\n                WHERE \n                    (chat_id, message_timestamp) IN (\n                        SELECT \n                            chat_id, \n                            MAX(message_timestamp) AS max_timestamp\n                        FROM \n                            public.tb_message\n                        GROUP BY \n                            chat_id\n                    )\n            )\n            SELECT \n                c.chat_id, \n                c.user_1, \n                c.user_2, \n                c.chat_created_at, \n                lm.sender_user, \n                lm.message_content, \n                TO_CHAR(lm.message_timestamp, \'YYYY-MM-DD"T"HH24:MI:SS"Z"\') AS message_timestamp\n            FROM \n                public.tb_chat c\n            JOIN \n                last_messages lm \n            ON \n                c.chat_id = lm.chat_id\n            WHERE \n                c.user_1 = %s OR c.user_2 = %s\n\n            , Parametros: (\'jang\', \'jang\')',)
15:10:00 - INF - <module> - ('Servicio Finalizado',)
15:10:00 - INF - <module> - ('Servicio Iniciado',)
15:10:03 - INF - get - ('servicio de consulta Ejecutando',)
15:10:03 - INF - get_user_chats_list - ('Consulta SQL: \n            WITH last_messages AS (\n                SELECT \n                    chat_id, \n                    sender_user, \n                    message_content, \n                    TO_CHAR(message_timestamp, \'YYYY-MM-DD"T"HH24:MI:SS"Z"\') AS formatted_message_timestamp\n                FROM \n                    public.tb_message\n                WHERE \n                    (chat_id, formatted_message_timestamp) IN (\n                        SELECT \n                            chat_id, \n                            MAX(formatted_message_timestamp) AS max_timestamp\n                        FROM \n                            public.tb_message\n                        GROUP BY \n                            chat_id\n                    )\n            )\n            SELECT \n                c.chat_id, \n                c.user_1, \n                c.user_2, \n                c.chat_created_at, \n                lm.sender_user, \n                lm.message_content, \n                TO_CHAR(lm.message_timestamp, \'YYYY-MM-DD"T"HH24:MI:SS"Z"\') AS formatted_message_timestamp\n            FROM \n                public.tb_chat c\n            JOIN \n                last_messages lm \n            ON \n                c.chat_id = lm.chat_id\n            WHERE \n                c.user_1 = %s OR c.user_2 = %s\n\n            , Parametros: (\'jang\', \'jang\')',)
15:10:39 - INF - <module> - ('Servicio Finalizado',)
15:10:40 - INF - <module> - ('Servicio Iniciado',)
15:10:41 - INF - get - ('servicio de consulta Ejecutando',)
15:10:41 - INF - get_user_chats_list - ('Consulta SQL: \n            WITH last_messages AS (\n                SELECT \n                    chat_id, \n                    sender_user, \n                    message_content, \n                    TO_CHAR(message_timestamp, \'YYYY-MM-DD"T"HH24:MI:SS"Z"\') AS formatted_message_timestamp\n                FROM \n                    public.tb_message\n                WHERE \n                    (chat_id, TO_CHAR(message_timestamp, \'YYYY-MM-DD"T"HH24:MI:SS"Z"\') AS formatted_message_timestamp) IN (\n                        SELECT \n                            chat_id, \n                            MAX(TO_CHAR(message_timestamp, \'YYYY-MM-DD"T"HH24:MI:SS"Z"\') AS formatted_message_timestamp) AS max_timestamp\n                        FROM \n                            public.tb_message\n                        GROUP BY \n                            chat_id\n                    )\n            )\n            SELECT \n                c.chat_id, \n                c.user_1, \n                c.user_2, \n                c.chat_created_at, \n                lm.sender_user, \n                lm.message_content, \n                TO_CHAR(lm.message_timestamp, \'YYYY-MM-DD"T"HH24:MI:SS"Z"\') AS formatted_message_timestamp\n            FROM \n                public.tb_chat c\n            JOIN \n                last_messages lm \n            ON \n                c.chat_id = lm.chat_id\n            WHERE \n                c.user_1 = %s OR c.user_2 = %s\n\n            , Parametros: (\'jang\', \'jang\')',)
15:11:59 - INF - <module> - ('Servicio Finalizado',)
15:11:59 - INF - <module> - ('Servicio Iniciado',)
15:12:01 - INF - get - ('servicio de consulta Ejecutando',)
15:12:01 - INF - get_user_chats_list - ('Consulta SQL: \n                WITH last_messages AS (\n                    SELECT \n                        chat_id, \n                        sender_user, \n                        message_content, \n                        TO_CHAR(message_timestamp, \'YYYY-MM-DD"T"HH24:MI:SS"Z"\') AS formatted_message_timestamp\n                    FROM \n                        public.tb_message\n                    WHERE \n                        (chat_id, message_timestamp) IN (\n                            SELECT \n                                chat_id, \n                                MAX(message_timestamp) AS max_timestamp\n                            FROM \n                                public.tb_message\n                            GROUP BY \n                                chat_id\n                        )\n                )\n                SELECT \n                    c.chat_id, \n                    c.user_1, \n                    c.user_2, \n                    c.chat_created_at, \n                    lm.sender_user, \n                    lm.message_content, \n                    lm.formatted_message_timestamp\n                FROM \n                    public.tb_chat c\n                JOIN \n                    last_messages lm \n                ON \n                    c.chat_id = lm.chat_id\n                WHERE \n                    c.user_1 = %s OR c.user_2 = %s;\n\n            , Parametros: (\'jang\', \'jang\')',)
15:14:02 - INF - <module> - ('Servicio Finalizado',)
15:14:02 - INF - <module> - ('Servicio Iniciado',)
15:14:11 - INF - <module> - ('Servicio Finalizado',)
15:14:11 - INF - <module> - ('Servicio Iniciado',)
15:14:14 - INF - get - ('servicio de consulta Ejecutando',)
15:14:14 - INF - get_user_chats_list - ('Consulta SQL: \n                WITH last_messages AS (\n                    SELECT \n                        chat_id, \n                        sender_user, \n                        message_content, \n                        TO_CHAR(message_timestamp, \'YYYY-MM-DD"T"HH24:MI:SS"Z"\') AS formatted_message_timestamp\n                    FROM \n                        public.tb_message\n                    WHERE \n                        (chat_id, message_timestamp) IN (\n                            SELECT \n                                chat_id, \n                                MAX(message_timestamp) AS max_timestamp\n                            FROM \n                                public.tb_message\n                            GROUP BY \n                                chat_id\n                        )\n                )\n                SELECT \n                    c.chat_id, \n                    c.user_1, \n                    c.user_2, \n                    c.chat_created_at, \n                    lm.sender_user, \n                    lm.message_content, \n                    lm.formatted_message_timestamp\n                FROM \n                    public.tb_chat c\n                JOIN \n                    last_messages lm \n                ON \n                    c.chat_id = lm.chat_id\n                WHERE \n                    c.user_1 = %s OR c.user_2 = %s;\n            , Parametros: (\'jang\', \'jang\')',)
15:14:14 - INF - get_user_chats_list - ("Error al obtener lista de chats: name 'convert_datetime' is not defined",)
15:15:03 - INF - <module> - ('Servicio Finalizado',)
15:15:03 - INF - <module> - ('Servicio Finalizado',)
15:19:45 - INF - <module> - ('Servicio Iniciado',)
15:19:46 - INF - <module> - ('Servicio Iniciado',)
15:19:51 - INF - get - ('servicio de consulta Ejecutando',)
15:19:51 - INF - get_user_chats_list - ('Consulta SQL: \n            SELECT DISTINCT ON (c.chat_id) \n                c.chat_id,\n                c.user_2,\n                c.user_1,\n                m.message_content,\n                TO_CHAR(m.message_timestamp, \'YYYY-MM-DD"T"HH24:MI:SS"Z"\') AS formatted_message_timestamp\n            FROM \n                public.tb_chat c\n            LEFT JOIN \n                public.tb_message m ON c.chat_id = m.chat_id\n            WHERE \n                c.user_1 = %s OR c.user_2 =%\n            AND \n                c.chat_id IN (\n                    SELECT chat_id \n                    FROM public.tb_message \n                    WHERE sender_user = %s\n                )\n            ORDER BY \n                c.chat_id, \n                m.message_timestamp DESC;\n            , Parametros: (\'jang\', \'jang\', \'jang\')',)
15:20:36 - INF - <module> - ('Servicio Finalizado',)
15:20:37 - INF - <module> - ('Servicio Iniciado',)
15:20:39 - INF - get - ('servicio de consulta Ejecutando',)
15:20:39 - INF - get_user_chats_list - ('Consulta SQL: \n            SELECT DISTINCT ON (c.chat_id) \n                c.chat_id,\n                c.user_2,\n                c.user_1,\n                m.message_content,\n                TO_CHAR(m.message_timestamp, \'YYYY-MM-DD"T"HH24:MI:SS"Z"\') AS formatted_message_timestamp\n            FROM \n                public.tb_chat c\n            LEFT JOIN \n                public.tb_message m ON c.chat_id = m.chat_id\n            WHERE \n                c.user_1 = %s OR c.user_2 = %s\n            AND \n                c.chat_id IN (\n                    SELECT chat_id \n                    FROM public.tb_message \n                    WHERE sender_user = %s\n                )\n            ORDER BY \n                c.chat_id, \n                m.message_timestamp DESC;\n            , Parametros: (\'jang\', \'jang\', \'jang\')',)
15:20:54 - INF - get - ('servicio de consulta Ejecutando',)
15:20:54 - INF - get_user_chats_list - ('Consulta SQL: \n            SELECT DISTINCT ON (c.chat_id) \n                c.chat_id,\n                c.user_2,\n                c.user_1,\n                m.message_content,\n                TO_CHAR(m.message_timestamp, \'YYYY-MM-DD"T"HH24:MI:SS"Z"\') AS formatted_message_timestamp\n            FROM \n                public.tb_chat c\n            LEFT JOIN \n                public.tb_message m ON c.chat_id = m.chat_id\n            WHERE \n                c.user_1 = %s OR c.user_2 = %s\n            AND \n                c.chat_id IN (\n                    SELECT chat_id \n                    FROM public.tb_message \n                    WHERE sender_user = %s\n                )\n            ORDER BY \n                c.chat_id, \n                m.message_timestamp DESC;\n            , Parametros: (\'gly0\', \'gly0\', \'gly0\')',)
15:25:39 - INF - post - ('Servicio de Creación de Chat ejecutando',)
15:26:23 - INF - post - ('Servicio de Creación de Chat ejecutando',)
15:26:23 - INF - create_chat - ('Error al crear una sala de chat ->inserción o actualización en la tabla «tb_chat» viola la llave foránea «tb_chat_user_2_fkey»\nDETAIL:  La llave (user_2)=(luis) no está presente en la tabla «tb_user».\n',)
15:26:34 - INF - post - ('Servicio de Creación de Chat ejecutando',)
15:28:50 - INF - <module> - ('Servicio Finalizado',)
15:28:50 - INF - <module> - ('Servicio Iniciado',)
15:28:54 - INF - post - ('Servicio de Creación de Chat ejecutando',)
15:28:54 - INF - create_chat - ('Error al crear una sala de chat ->tuple index out of range',)
15:29:35 - INF - post - ('Servicio de Creación de Chat ejecutando',)
15:29:35 - INF - create_chat - ('Error al crear una sala de chat ->tuple index out of range',)
15:31:15 - INF - <module> - ('Servicio Finalizado',)
15:31:16 - INF - <module> - ('Servicio Iniciado',)
15:31:18 - INF - post - ('Servicio de Creación de Chat ejecutando',)
15:31:18 - INF - create_chat - ('Error al crear una sala de chat ->tuple index out of range',)
15:31:57 - INF - <module> - ('Servicio Finalizado',)
15:31:57 - INF - <module> - ('Servicio Iniciado',)
15:34:17 - INF - <module> - ('Servicio Finalizado',)
15:34:17 - INF - <module> - ('Servicio Finalizado',)
15:38:07 - INF - <module> - ('Servicio Iniciado',)
15:38:08 - INF - <module> - ('Servicio Iniciado',)
15:38:13 - INF - post - ('Servicio de Creación de Chat ejecutando',)
15:38:27 - INF - post - ('Servicio de Creación de Chat ejecutando',)
15:39:04 - INF - post - ('Servicio de Creación de Chat ejecutando',)
15:39:57 - INF - <module> - ('Servicio Finalizado',)
15:39:58 - INF - <module> - ('Servicio Iniciado',)
15:41:10 - INF - <module> - ('Servicio Finalizado',)
15:41:10 - INF - <module> - ('Servicio Iniciado',)
15:41:13 - INF - post - ('Servicio de Creación de Chat ejecutando',)
15:42:04 - INF - post - ('Servicio de Creación de Chat ejecutando',)
15:44:29 - INF - <module> - ('Servicio Finalizado',)
15:44:30 - INF - <module> - ('Servicio Iniciado',)
15:44:32 - INF - post - ('Servicio de Creación de Chat ejecutando',)
15:47:50 - INF - <module> - ('Servicio Finalizado',)
15:47:50 - INF - <module> - ('Servicio Iniciado',)
15:48:03 - INF - post - ('Servicio de Creación de Chat ejecutando',)
15:49:19 - INF - <module> - ('Servicio Finalizado',)
15:49:19 - INF - <module> - ('Servicio Iniciado',)
15:49:25 - INF - post - ('Servicio de Creación de Chat ejecutando',)
15:51:48 - INF - <module> - ('Servicio Finalizado',)
15:51:49 - INF - <module> - ('Servicio Iniciado',)
15:51:50 - INF - get - ('servicio de consulta Ejecutando',)
15:55:40 - INF - <module> - ('Servicio Finalizado',)
15:55:41 - INF - <module> - ('Servicio Iniciado',)
15:55:46 - INF - <module> - ('Servicio Finalizado',)
15:55:46 - INF - <module> - ('Servicio Iniciado',)
15:55:56 - INF - <module> - ('Servicio Finalizado',)
15:55:57 - INF - <module> - ('Servicio Iniciado',)
15:56:05 - INF - <module> - ('Servicio Finalizado',)
15:56:06 - INF - <module> - ('Servicio Iniciado',)
15:56:12 - INF - <module> - ('Servicio Finalizado',)
15:56:13 - INF - <module> - ('Servicio Iniciado',)
15:56:36 - INF - <module> - ('Servicio Finalizado',)
15:56:37 - INF - <module> - ('Servicio Iniciado',)
15:56:38 - INF - get - ('servicio de consulta Ejecutando',)
15:57:28 - INF - <module> - ('Servicio Finalizado',)
15:57:29 - INF - <module> - ('Servicio Finalizado',)
15:59:50 - INF - <module> - ('Servicio Iniciado',)
15:59:50 - INF - <module> - ('Servicio Iniciado',)
15:59:53 - INF - get - ('servicio de consulta Ejecutando',)
16:01:47 - INF - <module> - ('Servicio Finalizado',)
16:01:48 - INF - <module> - ('Servicio Iniciado',)
16:04:17 - INF - <module> - ('Servicio Finalizado',)
16:04:17 - INF - <module> - ('Servicio Iniciado',)
16:04:46 - INF - <module> - ('Servicio Finalizado',)
16:04:46 - INF - <module> - ('Servicio Iniciado',)
16:04:47 - INF - get - ('servicio de consulta Ejecutando',)
16:04:47 - INF - get_user_chat - ('Consulta SQL: \n            SELECT sender_user, message_content, \n            TO_CHAR(message_timestamp, \'YYYY-MM-DD"T"HH24:MI:SS"Z"\') AS message_timestamp\n\t        FROM public.tb_message\n\t        WHERE chat_id = %s \n            , Parametros: (2,)',)
16:08:13 - INF - <module> - ('Servicio Finalizado',)
16:08:14 - INF - <module> - ('Servicio Iniciado',)
16:08:21 - INF - get - ('servicio de consulta Ejecutando',)
16:08:21 - INF - get_user_chat - ('Consulta SQL: \n            SELECT sender_user, message_content, \n            TO_CHAR(message_timestamp, \'YYYY-MM-DD"T"HH24:MI:SS"Z"\') AS message_timestamp\n\t        FROM public.tb_message\n\t        WHERE chat_id = %s \n            , Parametros: (1,)',)
16:11:48 - INF - <module> - ('Servicio Finalizado',)
16:11:49 - INF - <module> - ('Servicio Iniciado',)
16:12:14 - INF - get - ('servicio de consulta Ejecutando',)
16:12:14 - INF - get_user_chat - ('Consulta SQL: \n            SELECT sender_user, message_content, \n                TO_CHAR(message_timestamp, \'YYYY-MM-DD"T"HH24:MI:SS"Z"\') AS message_timestamp\n\t        FROM public.tb_message\n\t        WHERE chat_id = %s \n            , Parametros: (1,)',)
16:12:51 - INF - <module> - ('Servicio Finalizado',)
16:12:51 - INF - <module> - ('Servicio Iniciado',)
16:13:31 - INF - <module> - ('Servicio Finalizado',)
16:13:32 - INF - <module> - ('Servicio Iniciado',)
16:13:36 - INF - get - ('servicio de consulta Ejecutando',)
16:13:36 - INF - get_user_chat - ('Consulta SQL: \n            SELECT sender_user, message_content, \n                TO_CHAR(message_timestamp, \'YYYY-MM-DD"T"HH24:MI:SS"Z"\') AS message_timestamp\n\t        FROM public.tb_message\n\t        WHERE chat_id = %s \n            , Parametros: (1,)',)
16:14:33 - INF - get - ('servicio de consulta Ejecutando',)
16:14:33 - INF - get_user_chat - ('Consulta SQL: \n            SELECT sender_user, message_content, \n                TO_CHAR(message_timestamp, \'YYYY-MM-DD"T"HH24:MI:SS"Z"\') AS message_timestamp\n\t        FROM public.tb_message\n\t        WHERE chat_id = %s \n            , Parametros: (1,)',)
16:15:06 - INF - get - ('servicio de consulta Ejecutando',)
16:15:06 - INF - get_user_chat - ('Consulta SQL: \n            SELECT sender_user, message_content, \n                TO_CHAR(message_timestamp, \'YYYY-MM-DD"T"HH24:MI:SS"Z"\') AS message_timestamp\n\t        FROM public.tb_message\n\t        WHERE chat_id = %s \n            , Parametros: (1,)',)
16:15:20 - INF - get - ('servicio de consulta Ejecutando',)
16:15:20 - INF - get_user_chat - ('Consulta SQL: \n            SELECT sender_user, message_content, \n                TO_CHAR(message_timestamp, \'YYYY-MM-DD"T"HH24:MI:SS"Z"\') AS message_timestamp\n\t        FROM public.tb_message\n\t        WHERE chat_id = %s \n            , Parametros: (1,)',)
16:16:43 - INF - get - ('servicio de consulta Ejecutando',)
16:16:43 - INF - get_user_chat - ('Consulta SQL: \n            SELECT sender_user, message_content, \n                TO_CHAR(message_timestamp, \'YYYY-MM-DD"T"HH24:MI:SS"Z"\') AS message_timestamp\n\t        FROM public.tb_message\n\t        WHERE chat_id = %s \n            , Parametros: (1,)',)
16:17:49 - INF - <module> - ('Servicio Finalizado',)
16:17:50 - INF - <module> - ('Servicio Iniciado',)
16:17:52 - INF - get - ('servicio de consulta Ejecutando',)
16:17:52 - INF - get_user_chat - ('Consulta SQL: \n            SELECT sender_user, message_content, \n                TO_CHAR(message_timestamp, \'YYYY-MM-DD"T"HH24:MI:SS"Z"\') AS message_timestamp\n\t        FROM public.tb_message\n\t        WHERE chat_id = %s \n            , Parametros: (1,)',)
16:18:02 - INF - get - ('servicio de consulta Ejecutando',)
16:18:02 - INF - get_user_chat - ('Consulta SQL: \n            SELECT sender_user, message_content, \n                TO_CHAR(message_timestamp, \'YYYY-MM-DD"T"HH24:MI:SS"Z"\') AS message_timestamp\n\t        FROM public.tb_message\n\t        WHERE chat_id = %s \n            , Parametros: (1,)',)
16:22:49 - INF - <module> - ('Servicio Finalizado',)
16:22:50 - INF - <module> - ('Servicio Iniciado',)
16:23:23 - INF - <module> - ('Servicio Finalizado',)
16:23:23 - INF - <module> - ('Servicio Iniciado',)
16:23:25 - INF - get - ('servicio de consulta Ejecutando',)
16:23:25 - INF - get_user_chat - ('Consulta SQL: \n            SELECT sender_user, message_content, \n                TO_CHAR(message_timestamp, \'YYYY-MM-DD"T"HH24:MI:SS"Z"\') AS message_timestamp\n\t        FROM public.tb_message\n\t        WHERE chat_id = %s \n            , Parametros: (1,)',)
16:23:52 - INF - <module> - ('Servicio Finalizado',)
16:23:53 - INF - <module> - ('Servicio Iniciado',)
16:23:55 - INF - get - ('servicio de consulta Ejecutando',)
16:23:55 - INF - get_user_chat - ('Consulta SQL: \n            SELECT sender_user, message_content, \n                TO_CHAR(message_timestamp, \'YYYY-MM-DD"T"HH24:MI:SS"Z"\') AS message_timestamp\n\t        FROM public.tb_message\n\t        WHERE chat_id = %s \n            , Parametros: (1,)',)
16:24:53 - INF - <module> - ('Servicio Finalizado',)
16:24:53 - INF - <module> - ('Servicio Finalizado',)
16:24:54 - INF - <module> - ('Servicio Iniciado',)
16:24:54 - INF - <module> - ('Servicio Iniciado',)
16:24:55 - INF - get - ('servicio de consulta Ejecutando',)
16:24:55 - INF - get_user_chat - ('Consulta SQL: \n            SELECT sender_user, message_content, \n                TO_CHAR(message_timestamp, \'YYYY-MM-DD"T"HH24:MI:SS"Z"\') AS message_timestamp\n\t        FROM public.tb_message\n\t        WHERE chat_id = %s \n            , Parametros: (1,)',)
16:25:14 - INF - <module> - ('Servicio Finalizado',)
16:25:15 - INF - <module> - ('Servicio Iniciado',)
16:25:16 - INF - get - ('servicio de consulta Ejecutando',)
16:25:16 - INF - get_user_chat - ('Consulta SQL: \n            SELECT sender_user, message_content, \n                TO_CHAR(message_timestamp, \'YYYY-MM-DD"T"HH24:MI:SS"Z"\') AS message_timestamp\n\t        FROM public.tb_message\n\t        WHERE chat_id = %s \n            , Parametros: (1,)',)
16:25:55 - INF - get - ('servicio de consulta Ejecutando',)
16:25:55 - INF - get_user_chat - ('Consulta SQL: \n            SELECT sender_user, message_content, \n                TO_CHAR(message_timestamp, \'YYYY-MM-DD"T"HH24:MI:SS"Z"\') AS message_timestamp\n\t        FROM public.tb_message\n\t        WHERE chat_id = %s \n            , Parametros: (1,)',)
16:27:57 - INF - <module> - ('Servicio Finalizado',)
16:27:58 - INF - <module> - ('Servicio Iniciado',)
16:27:59 - INF - get - ('servicio de consulta Ejecutando',)
16:27:59 - INF - get_user_chat - ('Consulta SQL: \n            SELECT sender_user, message_content, \n                TO_CHAR(message_timestamp, \'YYYY-MM-DD"T"HH24:MI:SS"Z"\') AS message_timestamp\n\t        FROM public.tb_message\n\t        WHERE chat_id = %s \n            , Parametros: (1,)',)
16:28:51 - INF - <module> - ('Servicio Finalizado',)
16:28:51 - INF - <module> - ('Servicio Finalizado',)
